Log file open, 01/21/22 17:11:35
LogWindows: Failed to load 'aqProf.dll' (GetLastError=126)
LogWindows: File 'aqProf.dll' does not exist
LogWindows: Failed to load 'VtuneApi.dll' (GetLastError=126)
LogWindows: File 'VtuneApi.dll' does not exist
LogWindows: Failed to load 'VtuneApi32e.dll' (GetLastError=126)
LogWindows: File 'VtuneApi32e.dll' does not exist
LogConsoleResponse: Display: Failed to find resolution value strings in scalability ini. Falling back to default.
LogInit: Display: Running engine for game: Driving
LogPakFile: Registered encryption key '00000000000000000000000000000000': 0 pak files mounted, 0 remain pending
LogPlatformFile: Not using cached read wrapper
LogTaskGraph: Started task graph with 5 named threads and 35 total threads with 3 sets of task threads.
LogStats: Stats thread started at 0.538749
LogD3D11RHI: Loaded GFSDK_Aftermath_Lib.x64.dll
LogICUInternationalization: ICU TimeZone Detection - Raw Offset: -5:00, Platform Override: ''
LogPluginManager: Mounting plugin Paper2D
LogPluginManager: Mounting plugin AISupport
LogPluginManager: Mounting plugin LightPropagationVolume
LogPluginManager: Mounting plugin ActorLayerUtilities
LogPluginManager: Mounting plugin AnimationSharing
LogPluginManager: Mounting plugin CLionSourceCodeAccess
LogPluginManager: Mounting plugin CodeLiteSourceCodeAccess
LogPluginManager: Mounting plugin GitSourceControl
LogPluginManager: Mounting plugin KDevelopSourceCodeAccess
LogPluginManager: Mounting plugin NullSourceCodeAccess
LogPluginManager: Mounting plugin PerforceSourceControl
LogPluginManager: Mounting plugin SubversionSourceControl
LogPluginManager: Mounting plugin UObjectPlugin
LogPluginManager: Mounting plugin VisualStudioCodeSourceCodeAccess
LogPluginManager: Mounting plugin VisualStudioSourceCodeAccess
LogPluginManager: Mounting plugin XCodeSourceCodeAccess
LogPluginManager: Mounting plugin AssetManagerEditor
LogPluginManager: Mounting plugin CryptoKeys
LogPluginManager: Mounting plugin DataValidation
LogPluginManager: Mounting plugin FacialAnimation
LogPluginManager: Mounting plugin GameplayTagsEditor
LogPluginManager: Mounting plugin MacGraphicsSwitching
LogPluginManager: Mounting plugin MaterialAnalyzer
LogPluginManager: Mounting plugin MobileLauncherProfileWizard
LogPluginManager: Mounting plugin PluginBrowser
LogPluginManager: Mounting plugin SpeedTreeImporter
LogPluginManager: Mounting plugin DatasmithContent
LogPluginManager: Mounting plugin VariantManagerContent
LogPluginManager: Mounting plugin AlembicImporter
LogPluginManager: Mounting plugin AppleImageUtils
LogPluginManager: Mounting plugin AppleVision
LogPluginManager: Mounting plugin BackChannel
LogPluginManager: Mounting plugin CharacterAI
LogPluginManager: Mounting plugin GeometryCache
LogPluginManager: Mounting plugin HTML5Networking
LogPluginManager: Mounting plugin ProxyLODPlugin
LogPluginManager: Mounting plugin RawInput
LogPluginManager: Mounting plugin SkeletalReduction
LogPluginManager: Mounting plugin MagicLeap
LogPluginManager: Mounting plugin MagicLeapMedia
LogPluginManager: Mounting plugin AndroidMedia
LogPluginManager: Mounting plugin AvfMedia
LogPluginManager: Mounting plugin ImgMedia
LogPluginManager: Mounting plugin LinearTimecode
LogPluginManager: Mounting plugin MediaCompositing
LogPluginManager: Mounting plugin MediaPlayerEditor
LogPluginManager: Mounting plugin WebMMedia
LogPluginManager: Mounting plugin WmfMedia
LogPluginManager: Mounting plugin TcpMessaging
LogPluginManager: Mounting plugin UdpMessaging
LogPluginManager: Mounting plugin ActorSequence
LogPluginManager: Mounting plugin LevelSequenceEditor
LogPluginManager: Mounting plugin MatineeToLevelSequence
LogPluginManager: Mounting plugin NetcodeUnitTest
LogPluginManager: Mounting plugin NUTUnrealEngine4
LogPluginManager: Mounting plugin OnlineSubsystemGooglePlay
LogPluginManager: Mounting plugin OnlineSubsystemIOS
LogPluginManager: Mounting plugin OnlineSubsystem
LogPluginManager: Mounting plugin OnlineSubsystemNull
LogPluginManager: Mounting plugin OnlineSubsystemUtils
LogPluginManager: Mounting plugin LauncherChunkInstaller
LogPluginManager: Mounting plugin AndroidDeviceProfileSelector
LogPluginManager: Mounting plugin AndroidMoviePlayer
LogPluginManager: Mounting plugin AndroidPermission
LogPluginManager: Mounting plugin AppleMoviePlayer
LogPluginManager: Mounting plugin ArchVisCharacter
LogPluginManager: Mounting plugin AudioCapture
LogPluginManager: Mounting plugin CableComponent
LogPluginManager: Mounting plugin CustomMeshComponent
LogPluginManager: Mounting plugin EditableMesh
LogPluginManager: Mounting plugin ExampleDeviceProfileSelector
LogPluginManager: Mounting plugin Firebase
LogPluginManager: Mounting plugin GoogleCloudMessaging
LogPluginManager: Mounting plugin IOSDeviceProfileSelector
LogPluginManager: Mounting plugin LinuxDeviceProfileSelector
LogPluginManager: Mounting plugin LocationServicesBPLibrary
LogPluginManager: Mounting plugin MobilePatchingUtils
LogPluginManager: Mounting plugin OculusVR
LogPluginManager: Mounting plugin PhysXVehicles
LogPluginManager: Mounting plugin ProceduralMeshComponent
LogPluginManager: Mounting plugin RuntimePhysXCooking
LogPluginManager: Mounting plugin SignificanceManager
LogPluginManager: Mounting plugin SteamVR
LogPluginManager: Mounting plugin WebMMoviePlayer
LogPluginManager: Mounting plugin WindowsMoviePlayer
LogPluginManager: Mounting plugin UnrealEnginePython
LogInit: Using libcurl 7.55.1-DEV
LogInit:  - built for x86_64-pc-win32
LogInit:  - supports SSL with OpenSSL/1.1.1
LogInit:  - supports HTTP deflate (compression) using libz 1.2.8
LogInit:  - other features:
LogInit:      CURL_VERSION_SSL
LogInit:      CURL_VERSION_LIBZ
LogInit:      CURL_VERSION_IPV6
LogInit:      CURL_VERSION_ASYNCHDNS
LogInit:      CURL_VERSION_LARGEFILE
LogInit:      CURL_VERSION_IDN
LogInit:  CurlRequestOptions (configurable via config and command line):
LogInit:  - bVerifyPeer = true  - Libcurl will verify peer certificate
LogInit:  - bUseHttpProxy = false  - Libcurl will NOT use HTTP proxy
LogInit:  - bDontReuseConnections = false  - Libcurl will reuse connections
LogInit:  - MaxHostConnections = 16  - Libcurl will limit the number of connections to a host
LogInit:  - LocalHostAddr = Default
LogInit:  - BufferSize = 65536
LogInit: WinSock: version 1.1 (2.2), MaxSocks=32767, MaxUdp=65467
LogInit: Build: ++UE4+Release-4.22-CL-7053642
LogInit: Engine Version: 4.22.3-7053642+++UE4+Release-4.22
LogInit: Compatible Engine Version: 4.22.0-5660361+++UE4+Release-4.22
LogInit: Net CL: 5660361
LogInit: OS: Windows 10 (Release 2009) (), CPU: Intel(R) Core(TM) i5-10400 CPU @ 2.90GHz, GPU: NVIDIA GeForce GTX 1660 Ti
LogInit: Compiled (64-bit): Jun 18 2019 03:09:11
LogInit: Compiled with Visual C++: 19.16.27025.01
LogInit: Build Configuration: Development
LogInit: Branch Name: ++UE4+Release-4.22
LogInit: Command Line: 
LogInit: Base Directory: C:/Program Files/Epic Games/UE_4.22/Engine/Binaries/Win64/
LogInit: Installed Engine Build: 1
LogDevObjectVersion: Number of dev versions registered: 23
LogDevObjectVersion:   Dev-Blueprints (B0D832E4-1F89-4F0D-ACCF-7EB736FD4AA2): 10
LogDevObjectVersion:   Dev-Build (E1C64328-A22C-4D53-A36C-8E866417BD8C): 0
LogDevObjectVersion:   Dev-Core (375EC13C-06E4-48FB-B500-84F0262A717E): 3
LogDevObjectVersion:   Dev-Editor (E4B068ED-F494-42E9-A231-DA0B2E46BB41): 30
LogDevObjectVersion:   Dev-Framework (CFFC743F-43B0-4480-9391-14DF171D2073): 35
LogDevObjectVersion:   Dev-Mobile (B02B49B5-BB20-44E9-A304-32B752E40360): 2
LogDevObjectVersion:   Dev-Networking (A4E4105C-59A1-49B5-A7C5-40C4547EDFEE): 0
LogDevObjectVersion:   Dev-Online (39C831C9-5AE6-47DC-9A44-9C173E1C8E7C): 0
LogDevObjectVersion:   Dev-Physics (78F01B33-EBEA-4F98-B9B4-84EACCB95AA2): 0
LogDevObjectVersion:   Dev-Platform (6631380F-2D4D-43E0-8009-CF276956A95A): 0
LogDevObjectVersion:   Dev-Rendering (12F88B9F-8875-4AFC-A67C-D90C383ABD29): 28
LogDevObjectVersion:   Dev-Sequencer (7B5AE74C-D270-4C10-A958-57980B212A5A): 11
LogDevObjectVersion:   Dev-VR (D7296918-1DD6-4BDD-9DE2-64A83CC13884): 2
LogDevObjectVersion:   Dev-LoadTimes (C2A15278-BFE7-4AFE-6C17-90FF531DF755): 1
LogDevObjectVersion:   Private-Geometry (6EACA3D4-40EC-4CC1-B786-8BED09428FC5): 3
LogDevObjectVersion:   Dev-AnimPhys (29E575DD-E0A3-4627-9D10-D276232CDCEA): 17
LogDevObjectVersion:   Dev-Anim (AF43A65D-7FD3-4947-9873-3E8ED9C1BB05): 2
LogDevObjectVersion:   Dev-ReflectionCapture (6B266CEC-1EC7-4B8F-A30B-E4D90942FC07): 1
LogDevObjectVersion:   Dev-Automation (0DF73D61-A23F-47EA-B727-89E90C41499A): 1
LogDevObjectVersion:   FortniteMain (601D1886-AC64-4F84-AA16-D3DE0DEAC7D6): 25
LogDevObjectVersion:   Dev-Enterprise (9DFFBCD6-494F-0158-E221-12823C92A888): 6
LogDevObjectVersion:   Dev-Niagara (F2AED0AC-9AFE-416F-8664-AA7FFA26D6FC): 1
LogDevObjectVersion:   Dev-Destruction (174F1F0B-B4C6-45A5-B13F-2EE8D0FB917D): 2
LogInit: Presizing for max 16777216 objects, including 0 objects not considered by GC, pre-allocating 0 bytes for permanent pool.
LogInit: Object subsystem initialized
LogConfig: Setting CVar [[con.DebugEarlyDefault:1]]
LogConfig: Setting CVar [[r.setres:1280x720]]
[2022.01.21-22.11.35:819][  0]LogConfig: Setting CVar [[r.VSync:0]]
[2022.01.21-22.11.35:819][  0]LogConfig: Setting CVar [[r.RHICmdBypass:0]]
[2022.01.21-22.11.35:819][  0]LogConfig: Applying CVar settings from Section [/Script/Engine.RendererSettings] File [C:/Users/Aryan/Documents/GitHub/Autonomous-Driving-UE4/DrivingProject/Saved/Config/Windows/Engine.ini]
[2022.01.21-22.11.35:819][  0]LogConfig: Setting CVar [[r.GPUCrashDebugging:0]]
[2022.01.21-22.11.35:819][  0]LogConfig: Applying CVar settings from Section [/Script/Engine.RendererOverrideSettings] File [C:/Users/Aryan/Documents/GitHub/Autonomous-Driving-UE4/DrivingProject/Saved/Config/Windows/Engine.ini]
[2022.01.21-22.11.35:819][  0]LogConfig: Applying CVar settings from Section [/Script/Engine.StreamingSettings] File [C:/Users/Aryan/Documents/GitHub/Autonomous-Driving-UE4/DrivingProject/Saved/Config/Windows/Engine.ini]
[2022.01.21-22.11.35:819][  0]LogConfig: Setting CVar [[s.MinBulkDataSizeForAsyncLoading:131072]]
[2022.01.21-22.11.35:819][  0]LogConfig: Setting CVar [[s.AsyncLoadingThreadEnabled:0]]
[2022.01.21-22.11.35:819][  0]LogConfig: Setting CVar [[s.EventDrivenLoaderEnabled:1]]
[2022.01.21-22.11.35:819][  0]LogConfig: Setting CVar [[s.WarnIfTimeLimitExceeded:0]]
[2022.01.21-22.11.35:819][  0]LogConfig: Setting CVar [[s.TimeLimitExceededMultiplier:1.5]]
[2022.01.21-22.11.35:819][  0]LogConfig: Setting CVar [[s.TimeLimitExceededMinTime:0.005]]
[2022.01.21-22.11.35:819][  0]LogConfig: Setting CVar [[s.UseBackgroundLevelStreaming:1]]
[2022.01.21-22.11.35:819][  0]LogConfig: Setting CVar [[s.PriorityAsyncLoadingExtraTime:15.0]]
[2022.01.21-22.11.35:819][  0]LogConfig: Setting CVar [[s.LevelStreamingActorsUpdateTimeLimit:5.0]]
[2022.01.21-22.11.35:819][  0]LogConfig: Setting CVar [[s.PriorityLevelStreamingActorsUpdateExtraTime:5.0]]
[2022.01.21-22.11.35:819][  0]LogConfig: Setting CVar [[s.LevelStreamingComponentsRegistrationGranularity:10]]
[2022.01.21-22.11.35:819][  0]LogConfig: Setting CVar [[s.UnregisterComponentsTimeLimit:1.0]]
[2022.01.21-22.11.35:819][  0]LogConfig: Setting CVar [[s.LevelStreamingComponentsUnregistrationGranularity:5]]
[2022.01.21-22.11.35:819][  0]LogConfig: Applying CVar settings from Section [/Script/Engine.GarbageCollectionSettings] File [C:/Users/Aryan/Documents/GitHub/Autonomous-Driving-UE4/DrivingProject/Saved/Config/Windows/Engine.ini]
[2022.01.21-22.11.35:819][  0]LogConfig: Setting CVar [[gc.MaxObjectsNotConsideredByGC:1]]
[2022.01.21-22.11.35:819][  0]LogConfig: Setting CVar [[gc.SizeOfPermanentObjectPool:0]]
[2022.01.21-22.11.35:820][  0]LogConfig: Setting CVar [[gc.FlushStreamingOnGC:0]]
[2022.01.21-22.11.35:820][  0]LogConfig: Setting CVar [[gc.NumRetriesBeforeForcingGC:10]]
[2022.01.21-22.11.35:820][  0]LogConfig: Setting CVar [[gc.AllowParallelGC:1]]
[2022.01.21-22.11.35:820][  0]LogConfig: Setting CVar [[gc.TimeBetweenPurgingPendingKillObjects:61.1]]
[2022.01.21-22.11.35:820][  0]LogConfig: Setting CVar [[gc.MaxObjectsInEditor:16777216]]
[2022.01.21-22.11.35:820][  0]LogConfig: Setting CVar [[gc.IncrementalBeginDestroyEnabled:1]]
[2022.01.21-22.11.35:820][  0]LogConfig: Setting CVar [[gc.CreateGCClusters:1]]
[2022.01.21-22.11.35:820][  0]LogConfig: Setting CVar [[gc.MinGCClusterSize:5]]
[2022.01.21-22.11.35:820][  0]LogConfig: Setting CVar [[gc.ActorClusteringEnabled:0]]
[2022.01.21-22.11.35:820][  0]LogConfig: Setting CVar [[gc.BlueprintClusteringEnabled:0]]
[2022.01.21-22.11.35:820][  0]LogConfig: Setting CVar [[gc.UseDisregardForGCOnDedicatedServers:0]]
[2022.01.21-22.11.35:820][  0]LogConfig: Applying CVar settings from Section [/Script/Engine.NetworkSettings] File [C:/Users/Aryan/Documents/GitHub/Autonomous-Driving-UE4/DrivingProject/Saved/Config/Windows/Engine.ini]
[2022.01.21-22.11.35:820][  0]LogConfig: Applying CVar settings from Section [/Script/UnrealEd.CookerSettings] File [C:/Users/Aryan/Documents/GitHub/Autonomous-Driving-UE4/DrivingProject/Saved/Config/Windows/Engine.ini]
[2022.01.21-22.11.35:822][  0]LogConfig: Applying CVar settings from Section [ViewDistanceQuality@3] File [C:/Users/Aryan/Documents/GitHub/Autonomous-Driving-UE4/DrivingProject/Saved/Config/Windows/Scalability.ini]
[2022.01.21-22.11.35:822][  0]LogConfig: Setting CVar [[r.SkeletalMeshLODBias:0]]
[2022.01.21-22.11.35:822][  0]LogConfig: Setting CVar [[r.ViewDistanceScale:1.0]]
[2022.01.21-22.11.35:822][  0]LogConfig: Applying CVar settings from Section [AntiAliasingQuality@3] File [C:/Users/Aryan/Documents/GitHub/Autonomous-Driving-UE4/DrivingProject/Saved/Config/Windows/Scalability.ini]
[2022.01.21-22.11.35:822][  0]LogConfig: Setting CVar [[r.PostProcessAAQuality:4]]
[2022.01.21-22.11.35:822][  0]LogConfig: Applying CVar settings from Section [ShadowQuality@3] File [C:/Users/Aryan/Documents/GitHub/Autonomous-Driving-UE4/DrivingProject/Saved/Config/Windows/Scalability.ini]
[2022.01.21-22.11.35:822][  0]LogConfig: Setting CVar [[r.LightFunctionQuality:1]]
[2022.01.21-22.11.35:822][  0]LogConfig: Setting CVar [[r.ShadowQuality:5]]
[2022.01.21-22.11.35:822][  0]LogConfig: Setting CVar [[r.Shadow.CSM.MaxCascades:10]]
[2022.01.21-22.11.35:822][  0]LogConfig: Setting CVar [[r.Shadow.MaxResolution:2048]]
[2022.01.21-22.11.35:822][  0]LogConfig: Setting CVar [[r.Shadow.MaxCSMResolution:2048]]
[2022.01.21-22.11.35:822][  0]LogConfig: Setting CVar [[r.Shadow.RadiusThreshold:0.01]]
[2022.01.21-22.11.35:822][  0]LogConfig: Setting CVar [[r.Shadow.DistanceScale:1.0]]
[2022.01.21-22.11.35:822][  0]LogConfig: Setting CVar [[r.Shadow.CSM.TransitionScale:1.0]]
[2022.01.21-22.11.35:822][  0]LogConfig: Setting CVar [[r.Shadow.PreShadowResolutionFactor:1.0]]
[2022.01.21-22.11.35:822][  0]LogConfig: Setting CVar [[r.DistanceFieldShadowing:1]]
[2022.01.21-22.11.35:822][  0]LogConfig: Setting CVar [[r.DistanceFieldAO:1]]
[2022.01.21-22.11.35:822][  0]LogConfig: Setting CVar [[r.AOQuality:2]]
[2022.01.21-22.11.35:822][  0]LogConfig: Setting CVar [[r.VolumetricFog:1]]
[2022.01.21-22.11.35:823][  0]LogConfig: Setting CVar [[r.VolumetricFog.GridPixelSize:8]]
[2022.01.21-22.11.35:823][  0]LogConfig: Setting CVar [[r.VolumetricFog.GridSizeZ:128]]
[2022.01.21-22.11.35:823][  0]LogConfig: Setting CVar [[r.VolumetricFog.HistoryMissSupersampleCount:4]]
[2022.01.21-22.11.35:823][  0]LogConfig: Setting CVar [[r.LightMaxDrawDistanceScale:1]]
[2022.01.21-22.11.35:823][  0]LogConfig: Setting CVar [[r.CapsuleShadows:1]]
[2022.01.21-22.11.35:823][  0]LogConfig: Applying CVar settings from Section [PostProcessQuality@3] File [C:/Users/Aryan/Documents/GitHub/Autonomous-Driving-UE4/DrivingProject/Saved/Config/Windows/Scalability.ini]
[2022.01.21-22.11.35:823][  0]LogConfig: Setting CVar [[r.MotionBlurQuality:4]]
[2022.01.21-22.11.35:823][  0]LogConfig: Setting CVar [[r.AmbientOcclusionMipLevelFactor:0.4]]
[2022.01.21-22.11.35:823][  0]LogConfig: Setting CVar [[r.AmbientOcclusionMaxQuality:100]]
[2022.01.21-22.11.35:823][  0]LogConfig: Setting CVar [[r.AmbientOcclusionLevels:-1]]
[2022.01.21-22.11.35:823][  0]LogConfig: Setting CVar [[r.AmbientOcclusionRadiusScale:1.0]]
[2022.01.21-22.11.35:823][  0]LogConfig: Setting CVar [[r.DepthOfFieldQuality:2]]
[2022.01.21-22.11.35:823][  0]LogConfig: Setting CVar [[r.RenderTargetPoolMin:400]]
[2022.01.21-22.11.35:823][  0]LogConfig: Setting CVar [[r.LensFlareQuality:2]]
[2022.01.21-22.11.35:823][  0]LogConfig: Setting CVar [[r.SceneColorFringeQuality:1]]
[2022.01.21-22.11.35:823][  0]LogConfig: Setting CVar [[r.EyeAdaptationQuality:2]]
[2022.01.21-22.11.35:823][  0]LogConfig: Setting CVar [[r.BloomQuality:5]]
[2022.01.21-22.11.35:823][  0]LogConfig: Setting CVar [[r.FastBlurThreshold:100]]
[2022.01.21-22.11.35:823][  0]LogConfig: Setting CVar [[r.Upscale.Quality:3]]
[2022.01.21-22.11.35:823][  0]LogConfig: Setting CVar [[r.Tonemapper.GrainQuantization:1]]
[2022.01.21-22.11.35:823][  0]LogConfig: Setting CVar [[r.LightShaftQuality:1]]
[2022.01.21-22.11.35:823][  0]LogConfig: Setting CVar [[r.Filter.SizeScale:1]]
[2022.01.21-22.11.35:823][  0]LogConfig: Setting CVar [[r.Tonemapper.Quality:5]]
[2022.01.21-22.11.35:823][  0]LogConfig: Setting CVar [[r.DOF.Gather.AccumulatorQuality:1        ; higher gathering accumulator quality]]
[2022.01.21-22.11.35:823][  0]LogConfig: Setting CVar [[r.DOF.Gather.PostfilterMethod:1          ; Median3x3 postfilering method]]
[2022.01.21-22.11.35:823][  0]LogConfig: Setting CVar [[r.DOF.Gather.EnableBokehSettings:0       ; no bokeh simulation when gathering]]
[2022.01.21-22.11.35:823][  0]LogConfig: Setting CVar [[r.DOF.Gather.RingCount:4                 ; medium number of samples when gathering]]
[2022.01.21-22.11.35:823][  0]LogConfig: Setting CVar [[r.DOF.Scatter.ForegroundCompositing:1    ; additive foreground scattering]]
[2022.01.21-22.11.35:823][  0]LogConfig: Setting CVar [[r.DOF.Scatter.BackgroundCompositing:2    ; additive background scattering]]
[2022.01.21-22.11.35:823][  0]LogConfig: Setting CVar [[r.DOF.Scatter.EnableBokehSettings:1      ; bokeh simulation when scattering]]
[2022.01.21-22.11.35:823][  0]LogConfig: Setting CVar [[r.DOF.Scatter.MaxSpriteRatio:0.1         ; only a maximum of 10% of scattered bokeh]]
[2022.01.21-22.11.35:823][  0]LogConfig: Setting CVar [[r.DOF.Recombine.Quality:1                ; cheap slight out of focus]]
[2022.01.21-22.11.35:823][  0]LogConfig: Setting CVar [[r.DOF.Recombine.EnableBokehSettings:0    ; no bokeh simulation on slight out of focus]]
[2022.01.21-22.11.35:823][  0]LogConfig: Setting CVar [[r.DOF.TemporalAAQuality:1                ; more stable temporal accumulation]]
[2022.01.21-22.11.35:823][  0]LogConfig: Setting CVar [[r.DOF.Kernel.MaxForegroundRadius:0.025]]
[2022.01.21-22.11.35:823][  0]LogConfig: Setting CVar [[r.DOF.Kernel.MaxBackgroundRadius:0.025]]
[2022.01.21-22.11.35:823][  0]LogConfig: Applying CVar settings from Section [TextureQuality@3] File [C:/Users/Aryan/Documents/GitHub/Autonomous-Driving-UE4/DrivingProject/Saved/Config/Windows/Scalability.ini]
[2022.01.21-22.11.35:823][  0]LogConfig: Setting CVar [[r.Streaming.MipBias:0]]
[2022.01.21-22.11.35:823][  0]LogConfig: Setting CVar [[r.Streaming.AmortizeCPUToGPUCopy:0]]
[2022.01.21-22.11.35:823][  0]LogConfig: Setting CVar [[r.Streaming.MaxNumTexturesToStreamPerFrame:0]]
[2022.01.21-22.11.35:823][  0]LogConfig: Setting CVar [[r.Streaming.Boost:1]]
[2022.01.21-22.11.35:823][  0]LogConfig: Setting CVar [[r.MaxAnisotropy:8]]
[2022.01.21-22.11.35:823][  0]LogConfig: Setting CVar [[r.Streaming.LimitPoolSizeToVRAM:0]]
[2022.01.21-22.11.35:823][  0]LogConfig: Setting CVar [[r.Streaming.PoolSize:1000]]
[2022.01.21-22.11.35:823][  0]LogConfig: Setting CVar [[r.Streaming.MaxEffectiveScreenSize:0]]
[2022.01.21-22.11.35:823][  0]LogConfig: Applying CVar settings from Section [EffectsQuality@3] File [C:/Users/Aryan/Documents/GitHub/Autonomous-Driving-UE4/DrivingProject/Saved/Config/Windows/Scalability.ini]
[2022.01.21-22.11.35:823][  0]LogConfig: Setting CVar [[r.TranslucencyLightingVolumeDim:64]]
[2022.01.21-22.11.35:823][  0]LogConfig: Setting CVar [[r.RefractionQuality:2]]
[2022.01.21-22.11.35:823][  0]LogConfig: Setting CVar [[r.SSR.Quality:3]]
[2022.01.21-22.11.35:823][  0]LogConfig: Setting CVar [[r.SceneColorFormat:4]]
[2022.01.21-22.11.35:823][  0]LogConfig: Setting CVar [[r.DetailMode:2]]
[2022.01.21-22.11.35:823][  0]LogConfig: Setting CVar [[r.TranslucencyVolumeBlur:1]]
[2022.01.21-22.11.35:823][  0]LogConfig: Setting CVar [[r.MaterialQualityLevel:1 ; High quality]]
[2022.01.21-22.11.35:823][  0]LogConfig: Setting CVar [[r.SSS.Scale:1]]
[2022.01.21-22.11.35:823][  0]LogConfig: Setting CVar [[r.SSS.SampleSet:2]]
[2022.01.21-22.11.35:823][  0]LogConfig: Setting CVar [[r.SSS.Quality:1]]
[2022.01.21-22.11.35:823][  0]LogConfig: Setting CVar [[r.SSS.HalfRes:1]]
[2022.01.21-22.11.35:823][  0]LogConfig: Setting CVar [[r.EmitterSpawnRateScale:1.0]]
[2022.01.21-22.11.35:823][  0]LogConfig: Setting CVar [[r.ParticleLightQuality:2]]
[2022.01.21-22.11.35:823][  0]LogConfig: Applying CVar settings from Section [FoliageQuality@3] File [C:/Users/Aryan/Documents/GitHub/Autonomous-Driving-UE4/DrivingProject/Saved/Config/Windows/Scalability.ini]
[2022.01.21-22.11.35:823][  0]LogConfig: Setting CVar [[foliage.DensityScale:1.0]]
[2022.01.21-22.11.35:823][  0]LogConfig: Setting CVar [[grass.DensityScale:1.0]]
[2022.01.21-22.11.35:823][  0]LogInit: Selected Device Profile: [Windows]
[2022.01.21-22.11.35:823][  0]LogInit: Applying CVar settings loaded from the selected device profile: [Windows]
[2022.01.21-22.11.35:830][  0]LogHAL: Display: Platform has ~ 16 GB [17025007616 / 17179869184 / 16], which maps to Larger [LargestMinGB=32, LargerMinGB=12, DefaultMinGB=8, SmallerMinGB=6, SmallestMinGB=0)
[2022.01.21-22.11.35:830][  0]LogConfig: Setting CVar [[r.Vulkan.UseRealUBs:0		; Required until we fix HLR fall-out]]
[2022.01.21-22.11.35:831][  0]LogInit: Going up to parent DeviceProfile []
[2022.01.21-22.11.35:831][  0]LogConfig: Applying CVar settings from Section [ViewDistanceQuality@3] File [C:/Users/Aryan/Documents/GitHub/Autonomous-Driving-UE4/DrivingProject/Saved/Config/Windows/Scalability.ini]
[2022.01.21-22.11.35:831][  0]LogConfig: Setting CVar [[r.SkeletalMeshLODBias:0]]
[2022.01.21-22.11.35:831][  0]LogConfig: Setting CVar [[r.ViewDistanceScale:1.0]]
[2022.01.21-22.11.35:831][  0]LogConfig: Applying CVar settings from Section [AntiAliasingQuality@3] File [C:/Users/Aryan/Documents/GitHub/Autonomous-Driving-UE4/DrivingProject/Saved/Config/Windows/Scalability.ini]
[2022.01.21-22.11.35:831][  0]LogConfig: Setting CVar [[r.PostProcessAAQuality:4]]
[2022.01.21-22.11.35:831][  0]LogConfig: Applying CVar settings from Section [ShadowQuality@3] File [C:/Users/Aryan/Documents/GitHub/Autonomous-Driving-UE4/DrivingProject/Saved/Config/Windows/Scalability.ini]
[2022.01.21-22.11.35:831][  0]LogConfig: Setting CVar [[r.LightFunctionQuality:1]]
[2022.01.21-22.11.35:831][  0]LogConfig: Setting CVar [[r.ShadowQuality:5]]
[2022.01.21-22.11.35:831][  0]LogConfig: Setting CVar [[r.Shadow.CSM.MaxCascades:10]]
[2022.01.21-22.11.35:831][  0]LogConfig: Setting CVar [[r.Shadow.MaxResolution:2048]]
[2022.01.21-22.11.35:831][  0]LogConfig: Setting CVar [[r.Shadow.MaxCSMResolution:2048]]
[2022.01.21-22.11.35:831][  0]LogConfig: Setting CVar [[r.Shadow.RadiusThreshold:0.01]]
[2022.01.21-22.11.35:831][  0]LogConfig: Setting CVar [[r.Shadow.DistanceScale:1.0]]
[2022.01.21-22.11.35:831][  0]LogConfig: Setting CVar [[r.Shadow.CSM.TransitionScale:1.0]]
[2022.01.21-22.11.35:831][  0]LogConfig: Setting CVar [[r.Shadow.PreShadowResolutionFactor:1.0]]
[2022.01.21-22.11.35:831][  0]LogConfig: Setting CVar [[r.DistanceFieldShadowing:1]]
[2022.01.21-22.11.35:831][  0]LogConfig: Setting CVar [[r.DistanceFieldAO:1]]
[2022.01.21-22.11.35:831][  0]LogConfig: Setting CVar [[r.AOQuality:2]]
[2022.01.21-22.11.35:831][  0]LogConfig: Setting CVar [[r.VolumetricFog:1]]
[2022.01.21-22.11.35:831][  0]LogConfig: Setting CVar [[r.VolumetricFog.GridPixelSize:8]]
[2022.01.21-22.11.35:831][  0]LogConfig: Setting CVar [[r.VolumetricFog.GridSizeZ:128]]
[2022.01.21-22.11.35:831][  0]LogConfig: Setting CVar [[r.VolumetricFog.HistoryMissSupersampleCount:4]]
[2022.01.21-22.11.35:831][  0]LogConfig: Setting CVar [[r.LightMaxDrawDistanceScale:1]]
[2022.01.21-22.11.35:831][  0]LogConfig: Setting CVar [[r.CapsuleShadows:1]]
[2022.01.21-22.11.35:831][  0]LogConfig: Applying CVar settings from Section [PostProcessQuality@3] File [C:/Users/Aryan/Documents/GitHub/Autonomous-Driving-UE4/DrivingProject/Saved/Config/Windows/Scalability.ini]
[2022.01.21-22.11.35:831][  0]LogConfig: Setting CVar [[r.MotionBlurQuality:4]]
[2022.01.21-22.11.35:831][  0]LogConfig: Setting CVar [[r.AmbientOcclusionMipLevelFactor:0.4]]
[2022.01.21-22.11.35:831][  0]LogConfig: Setting CVar [[r.AmbientOcclusionMaxQuality:100]]
[2022.01.21-22.11.35:831][  0]LogConfig: Setting CVar [[r.AmbientOcclusionLevels:-1]]
[2022.01.21-22.11.35:831][  0]LogConfig: Setting CVar [[r.AmbientOcclusionRadiusScale:1.0]]
[2022.01.21-22.11.35:831][  0]LogConfig: Setting CVar [[r.DepthOfFieldQuality:2]]
[2022.01.21-22.11.35:831][  0]LogConfig: Setting CVar [[r.RenderTargetPoolMin:400]]
[2022.01.21-22.11.35:831][  0]LogConfig: Setting CVar [[r.LensFlareQuality:2]]
[2022.01.21-22.11.35:831][  0]LogConfig: Setting CVar [[r.SceneColorFringeQuality:1]]
[2022.01.21-22.11.35:831][  0]LogConfig: Setting CVar [[r.EyeAdaptationQuality:2]]
[2022.01.21-22.11.35:831][  0]LogConfig: Setting CVar [[r.BloomQuality:5]]
[2022.01.21-22.11.35:831][  0]LogConfig: Setting CVar [[r.FastBlurThreshold:100]]
[2022.01.21-22.11.35:831][  0]LogConfig: Setting CVar [[r.Upscale.Quality:3]]
[2022.01.21-22.11.35:831][  0]LogConfig: Setting CVar [[r.Tonemapper.GrainQuantization:1]]
[2022.01.21-22.11.35:831][  0]LogConfig: Setting CVar [[r.LightShaftQuality:1]]
[2022.01.21-22.11.35:831][  0]LogConfig: Setting CVar [[r.Filter.SizeScale:1]]
[2022.01.21-22.11.35:831][  0]LogConfig: Setting CVar [[r.Tonemapper.Quality:5]]
[2022.01.21-22.11.35:831][  0]LogConfig: Setting CVar [[r.DOF.Gather.AccumulatorQuality:1        ; higher gathering accumulator quality]]
[2022.01.21-22.11.35:831][  0]LogConfig: Setting CVar [[r.DOF.Gather.PostfilterMethod:1          ; Median3x3 postfilering method]]
[2022.01.21-22.11.35:831][  0]LogConfig: Setting CVar [[r.DOF.Gather.EnableBokehSettings:0       ; no bokeh simulation when gathering]]
[2022.01.21-22.11.35:831][  0]LogConfig: Setting CVar [[r.DOF.Gather.RingCount:4                 ; medium number of samples when gathering]]
[2022.01.21-22.11.35:831][  0]LogConfig: Setting CVar [[r.DOF.Scatter.ForegroundCompositing:1    ; additive foreground scattering]]
[2022.01.21-22.11.35:831][  0]LogConfig: Setting CVar [[r.DOF.Scatter.BackgroundCompositing:2    ; additive background scattering]]
[2022.01.21-22.11.35:831][  0]LogConfig: Setting CVar [[r.DOF.Scatter.EnableBokehSettings:1      ; bokeh simulation when scattering]]
[2022.01.21-22.11.35:831][  0]LogConfig: Setting CVar [[r.DOF.Scatter.MaxSpriteRatio:0.1         ; only a maximum of 10% of scattered bokeh]]
[2022.01.21-22.11.35:831][  0]LogConfig: Setting CVar [[r.DOF.Recombine.Quality:1                ; cheap slight out of focus]]
[2022.01.21-22.11.35:831][  0]LogConfig: Setting CVar [[r.DOF.Recombine.EnableBokehSettings:0    ; no bokeh simulation on slight out of focus]]
[2022.01.21-22.11.35:831][  0]LogConfig: Setting CVar [[r.DOF.TemporalAAQuality:1                ; more stable temporal accumulation]]
[2022.01.21-22.11.35:831][  0]LogConfig: Setting CVar [[r.DOF.Kernel.MaxForegroundRadius:0.025]]
[2022.01.21-22.11.35:831][  0]LogConfig: Setting CVar [[r.DOF.Kernel.MaxBackgroundRadius:0.025]]
[2022.01.21-22.11.35:831][  0]LogConfig: Applying CVar settings from Section [TextureQuality@3] File [C:/Users/Aryan/Documents/GitHub/Autonomous-Driving-UE4/DrivingProject/Saved/Config/Windows/Scalability.ini]
[2022.01.21-22.11.35:831][  0]LogConfig: Setting CVar [[r.Streaming.MipBias:0]]
[2022.01.21-22.11.35:831][  0]LogConfig: Setting CVar [[r.Streaming.AmortizeCPUToGPUCopy:0]]
[2022.01.21-22.11.35:831][  0]LogConfig: Setting CVar [[r.Streaming.MaxNumTexturesToStreamPerFrame:0]]
[2022.01.21-22.11.35:831][  0]LogConfig: Setting CVar [[r.Streaming.Boost:1]]
[2022.01.21-22.11.35:831][  0]LogConfig: Setting CVar [[r.MaxAnisotropy:8]]
[2022.01.21-22.11.35:831][  0]LogConfig: Setting CVar [[r.Streaming.LimitPoolSizeToVRAM:0]]
[2022.01.21-22.11.35:831][  0]LogConfig: Setting CVar [[r.Streaming.PoolSize:1000]]
[2022.01.21-22.11.35:831][  0]LogConfig: Setting CVar [[r.Streaming.MaxEffectiveScreenSize:0]]
[2022.01.21-22.11.35:831][  0]LogConfig: Applying CVar settings from Section [EffectsQuality@3] File [C:/Users/Aryan/Documents/GitHub/Autonomous-Driving-UE4/DrivingProject/Saved/Config/Windows/Scalability.ini]
[2022.01.21-22.11.35:831][  0]LogConfig: Setting CVar [[r.TranslucencyLightingVolumeDim:64]]
[2022.01.21-22.11.35:831][  0]LogConfig: Setting CVar [[r.RefractionQuality:2]]
[2022.01.21-22.11.35:831][  0]LogConfig: Setting CVar [[r.SSR.Quality:3]]
[2022.01.21-22.11.35:831][  0]LogConfig: Setting CVar [[r.SceneColorFormat:4]]
[2022.01.21-22.11.35:831][  0]LogConfig: Setting CVar [[r.DetailMode:2]]
[2022.01.21-22.11.35:831][  0]LogConfig: Setting CVar [[r.TranslucencyVolumeBlur:1]]
[2022.01.21-22.11.35:831][  0]LogConfig: Setting CVar [[r.MaterialQualityLevel:1 ; High quality]]
[2022.01.21-22.11.35:831][  0]LogConfig: Setting CVar [[r.SSS.Scale:1]]
[2022.01.21-22.11.35:831][  0]LogConfig: Setting CVar [[r.SSS.SampleSet:2]]
[2022.01.21-22.11.35:831][  0]LogConfig: Setting CVar [[r.SSS.Quality:1]]
[2022.01.21-22.11.35:831][  0]LogConfig: Setting CVar [[r.SSS.HalfRes:1]]
[2022.01.21-22.11.35:831][  0]LogConfig: Setting CVar [[r.EmitterSpawnRateScale:1.0]]
[2022.01.21-22.11.35:831][  0]LogConfig: Setting CVar [[r.ParticleLightQuality:2]]
[2022.01.21-22.11.35:831][  0]LogConfig: Applying CVar settings from Section [FoliageQuality@3] File [C:/Users/Aryan/Documents/GitHub/Autonomous-Driving-UE4/DrivingProject/Saved/Config/Windows/Scalability.ini]
[2022.01.21-22.11.35:831][  0]LogConfig: Setting CVar [[foliage.DensityScale:1.0]]
[2022.01.21-22.11.35:831][  0]LogConfig: Setting CVar [[grass.DensityScale:1.0]]
[2022.01.21-22.11.35:831][  0]LogConfig: Applying CVar settings from Section [Startup] File [../../../Engine/Config/ConsoleVariables.ini]
[2022.01.21-22.11.35:831][  0]LogConfig: Setting CVar [[net.UseAdaptiveNetUpdateFrequency:0]]
[2022.01.21-22.11.35:831][  0]LogConfig: Setting CVar [[p.chaos.AllowCreatePhysxBodies:1]]
[2022.01.21-22.11.35:832][  0]LogConfig: Applying CVar settings from Section [ConsoleVariables] File [C:/Users/Aryan/Documents/GitHub/Autonomous-Driving-UE4/DrivingProject/Saved/Config/Windows/Engine.ini]
[2022.01.21-22.11.35:832][  0]LogInit: Computer: AJ-DESKTOP
[2022.01.21-22.11.35:832][  0]LogInit: User: Aryan
[2022.01.21-22.11.35:832][  0]LogInit: CPU Page size=4096, Cores=6
[2022.01.21-22.11.35:832][  0]LogInit: High frequency timer resolution =10.000000 MHz
[2022.01.21-22.11.35:832][  0]LogMemory: Memory total: Physical=15.9GB (16GB approx)
[2022.01.21-22.11.35:832][  0]LogMemory: Platform Memory Stats for Windows
[2022.01.21-22.11.35:832][  0]LogMemory: Process Physical Memory: 100.52 MB used, 100.52 MB peak
[2022.01.21-22.11.35:832][  0]LogMemory: Process Virtual Memory: 89.80 MB used, 89.80 MB peak
[2022.01.21-22.11.35:832][  0]LogMemory: Physical Memory: 8662.99 MB used,  7573.32 MB free, 16236.31 MB total
[2022.01.21-22.11.35:832][  0]LogMemory: Virtual Memory: 4660.86 MB used,  134213064.00 MB free, 134217728.00 MB total
[2022.01.21-22.11.35:884][  0]LogInit: Using OS detected language (en-US).
[2022.01.21-22.11.35:884][  0]LogInit: Using OS detected locale (en-CA).
[2022.01.21-22.11.35:885][  0]LogTextLocalizationManager: No specific localization for 'en-US' exists, so the 'en' localization will be used.
[2022.01.21-22.11.36:006][  0]LogInit: Setting process to per monitor DPI aware
[2022.01.21-22.11.36:034][  0]LogSlate: New Slate User Created.  User Index 0, Is Virtual User: 0
[2022.01.21-22.11.36:034][  0]LogSlate: Slate User Registered.  User Index 0, Is Virtual User: 0
[2022.01.21-22.11.36:168][  0]LogHMD: Failed to initialize OpenVR with code 110
[2022.01.21-22.11.36:168][  0]LogD3D11RHI: D3D11 adapters:
[2022.01.21-22.11.36:292][  0]LogD3D11RHI:    0. 'NVIDIA GeForce GTX 1660 Ti' (Feature Level 11_0)
[2022.01.21-22.11.36:292][  0]LogD3D11RHI:       5991/0/8118 MB DedicatedVideo/DedicatedSystem/SharedSystem, Outputs:1, VendorId:0x10de
[2022.01.21-22.11.36:295][  0]LogD3D11RHI:    1. 'Microsoft Basic Render Driver' (Feature Level 11_0)
[2022.01.21-22.11.36:295][  0]LogD3D11RHI:       0/0/8118 MB DedicatedVideo/DedicatedSystem/SharedSystem, Outputs:0, VendorId:0x1414
[2022.01.21-22.11.36:295][  0]LogD3D11RHI: Chosen D3D11 Adapter: 0
[2022.01.21-22.11.36:300][  0]LogD3D11RHI: Creating new Direct3DDevice
[2022.01.21-22.11.36:300][  0]LogD3D11RHI:     GPU DeviceId: 0x2182 (for the marketing name, search the web for "GPU Device Id")
[2022.01.21-22.11.36:300][  0]LogWindows: EnumDisplayDevices:
[2022.01.21-22.11.36:300][  0]LogWindows:    0. 'NVIDIA GeForce GTX 1660 Ti' (P:1 D:1)
[2022.01.21-22.11.36:300][  0]LogWindows:    1. 'NVIDIA GeForce GTX 1660 Ti' (P:0 D:0)
[2022.01.21-22.11.36:300][  0]LogWindows:    2. 'NVIDIA GeForce GTX 1660 Ti' (P:0 D:0)
[2022.01.21-22.11.36:301][  0]LogWindows:    3. 'NVIDIA GeForce GTX 1660 Ti' (P:0 D:0)
[2022.01.21-22.11.36:301][  0]LogWindows: DebugString: FoundDriverCount:4 
[2022.01.21-22.11.36:301][  0]LogD3D11RHI:     Adapter Name: NVIDIA GeForce GTX 1660 Ti
[2022.01.21-22.11.36:301][  0]LogD3D11RHI:   Driver Version: 497.29 (internal:30.0.14.9729, unified:497.29)
[2022.01.21-22.11.36:301][  0]LogD3D11RHI:      Driver Date: 12-15-2021
[2022.01.21-22.11.36:301][  0]LogRHI: Texture pool is 4193 MB (70% of 5991 MB)
[2022.01.21-22.11.36:361][  0]LogD3D11RHI: Async texture creation enabled
[2022.01.21-22.11.36:364][  0]LogRendererCore: FGlobalReadBuffer::InitRHI
[2022.01.21-22.11.36:364][  0]LogRendererCore: FGlobalReadBuffer::InitRHI
[2022.01.21-22.11.36:364][  0]LogRendererCore: FGlobalReadBuffer::InitRHI
[2022.01.21-22.11.36:376][  0]LogD3D11RHI: GPU Timing Frequency: 1000.000000 (Debug: 2 2)
[2022.01.21-22.11.36:657][  0]LogTemp: Display: Module 'AllDesktopTargetPlatform' loaded TargetPlatform 'AllDesktop'
[2022.01.21-22.11.36:669][  0]LogTemp: Display: Module 'MacClientTargetPlatform' loaded TargetPlatform 'MacClient'
[2022.01.21-22.11.36:681][  0]LogTemp: Display: Module 'MacNoEditorTargetPlatform' loaded TargetPlatform 'MacNoEditor'
[2022.01.21-22.11.36:694][  0]LogTemp: Display: Module 'MacServerTargetPlatform' loaded TargetPlatform 'MacServer'
[2022.01.21-22.11.36:709][  0]LogTemp: Display: Module 'MacTargetPlatform' loaded TargetPlatform 'Mac'
[2022.01.21-22.11.36:722][  0]LogTemp: Display: Module 'WindowsClientTargetPlatform' loaded TargetPlatform 'WindowsClient'
[2022.01.21-22.11.36:734][  0]LogTemp: Display: Module 'WindowsNoEditorTargetPlatform' loaded TargetPlatform 'WindowsNoEditor'
[2022.01.21-22.11.36:747][  0]LogTemp: Display: Module 'WindowsServerTargetPlatform' loaded TargetPlatform 'WindowsServer'
[2022.01.21-22.11.36:753][  0]LogTemp: Display: Module 'WindowsTargetPlatform' loaded TargetPlatform 'Windows'
[2022.01.21-22.11.36:821][  0]LogTemp: Display: Module 'AndroidTargetPlatform' loaded TargetPlatform 'Android'
[2022.01.21-22.11.36:821][  0]LogTemp: Display: Module 'AndroidTargetPlatform' loaded TargetPlatform 'Android_ASTC'
[2022.01.21-22.11.36:821][  0]LogTemp: Display: Module 'AndroidTargetPlatform' loaded TargetPlatform 'Android_ATC'
[2022.01.21-22.11.36:821][  0]LogTemp: Display: Module 'AndroidTargetPlatform' loaded TargetPlatform 'Android_DXT'
[2022.01.21-22.11.36:821][  0]LogTemp: Display: Module 'AndroidTargetPlatform' loaded TargetPlatform 'Android_ETC1'
[2022.01.21-22.11.36:821][  0]LogTemp: Display: Module 'AndroidTargetPlatform' loaded TargetPlatform 'Android_ETC1a'
[2022.01.21-22.11.36:821][  0]LogTemp: Display: Module 'AndroidTargetPlatform' loaded TargetPlatform 'Android_ETC2'
[2022.01.21-22.11.36:821][  0]LogTemp: Display: Module 'AndroidTargetPlatform' loaded TargetPlatform 'Android_PVRTC'
[2022.01.21-22.11.36:821][  0]LogTemp: Display: Module 'AndroidTargetPlatform' loaded TargetPlatform 'AndroidClient'
[2022.01.21-22.11.36:821][  0]LogTemp: Display: Module 'AndroidTargetPlatform' loaded TargetPlatform 'Android_ASTCClient'
[2022.01.21-22.11.36:821][  0]LogTemp: Display: Module 'AndroidTargetPlatform' loaded TargetPlatform 'Android_ATCClient'
[2022.01.21-22.11.36:821][  0]LogTemp: Display: Module 'AndroidTargetPlatform' loaded TargetPlatform 'Android_DXTClient'
[2022.01.21-22.11.36:821][  0]LogTemp: Display: Module 'AndroidTargetPlatform' loaded TargetPlatform 'Android_ETC1Client'
[2022.01.21-22.11.36:821][  0]LogTemp: Display: Module 'AndroidTargetPlatform' loaded TargetPlatform 'Android_ETC1aClient'
[2022.01.21-22.11.36:821][  0]LogTemp: Display: Module 'AndroidTargetPlatform' loaded TargetPlatform 'Android_ETC2Client'
[2022.01.21-22.11.36:821][  0]LogTemp: Display: Module 'AndroidTargetPlatform' loaded TargetPlatform 'Android_PVRTCClient'
[2022.01.21-22.11.36:821][  0]LogTemp: Display: Module 'AndroidTargetPlatform' loaded TargetPlatform 'Android_Multi'
[2022.01.21-22.11.36:821][  0]LogTemp: Display: Module 'AndroidTargetPlatform' loaded TargetPlatform 'Android_MultiClient'
[2022.01.21-22.11.36:823][  0]LogTemp: Display: Module 'HTML5TargetPlatform' loaded TargetPlatform 'HTML5'
[2022.01.21-22.11.36:868][  0]LogTemp: Display: Module 'IOSTargetPlatform' loaded TargetPlatform 'IOSClient'
[2022.01.21-22.11.36:868][  0]LogTemp: Display: Module 'IOSTargetPlatform' loaded TargetPlatform 'IOS'
[2022.01.21-22.11.36:888][  0]LogTemp: Display: Module 'TVOSTargetPlatform' loaded TargetPlatform 'TVOSClient'
[2022.01.21-22.11.36:888][  0]LogTemp: Display: Module 'TVOSTargetPlatform' loaded TargetPlatform 'TVOS'
[2022.01.21-22.11.36:899][  0]LogTemp: Display: Module 'LinuxClientTargetPlatform' loaded TargetPlatform 'LinuxClient'
[2022.01.21-22.11.36:911][  0]LogTemp: Display: Module 'LinuxNoEditorTargetPlatform' loaded TargetPlatform 'LinuxNoEditor'
[2022.01.21-22.11.36:921][  0]LogTemp: Display: Module 'LinuxServerTargetPlatform' loaded TargetPlatform 'LinuxServer'
[2022.01.21-22.11.36:933][  0]LogTemp: Display: Module 'LinuxTargetPlatform' loaded TargetPlatform 'Linux'
[2022.01.21-22.11.36:971][  0]LogTemp: Display: Module 'LuminTargetPlatform' loaded TargetPlatform 'Lumin'
[2022.01.21-22.11.36:971][  0]LogTemp: Display: Module 'LuminTargetPlatform' loaded TargetPlatform 'LuminClient'
[2022.01.21-22.11.36:971][  0]LogTargetPlatformManager: Display: Building Assets For Windows
[2022.01.21-22.11.36:982][  0]LogAudioDebug: Display: Lib vorbis DLL was dynamically loaded.
[2022.01.21-22.11.37:037][  0]LogShaderCompilers: Guid format shader working directory is -39 characters bigger than the processId version (../../../../../../Users/Aryan/Documents/GitHub/Autonomous-Driving-UE4/DrivingProject/Intermediate/Shaders/WorkingDirectory/36536/).
[2022.01.21-22.11.37:037][  0]LogShaderCompilers: Cleaned the shader compiler working directory 'C:/Users/Aryan/AppData/Local/Temp/UnrealShaderWorkingDir/B28EBC914D51C9761668C3815D795F14/'.
[2022.01.21-22.11.37:039][  0]LogXGEController: Cannot use XGE Controller as Incredibuild is not installed on this machine.
[2022.01.21-22.11.37:039][  0]LogShaderCompilers: Cannot use XGE Shader Compiler as Incredibuild is not installed on this machine.
[2022.01.21-22.11.37:039][  0]LogShaderCompilers: Display: Using Local Shader Compiler.
[2022.01.21-22.11.37:495][  0]LogDerivedDataCache: Display: Max Cache Size: 512 MB
[2022.01.21-22.11.37:531][  0]LogDerivedDataCache: Loaded boot cache 0.04s 71MB C:/Users/Aryan/AppData/Local/UnrealEngine/4.22/DerivedDataCache/Boot.ddc.
[2022.01.21-22.11.37:531][  0]LogDerivedDataCache: Display: Loaded Boot cache: C:/Users/Aryan/AppData/Local/UnrealEngine/4.22/DerivedDataCache/Boot.ddc
[2022.01.21-22.11.37:531][  0]LogDerivedDataCache: FDerivedDataBackendGraph:  Pak pak cache file ../../../../../../Users/Aryan/Documents/GitHub/Autonomous-Driving-UE4/DrivingProject/DerivedDataCache/DDC.ddp not found, will not use a pak cache.
[2022.01.21-22.11.37:531][  0]LogDerivedDataCache: Unable to find inner node Pak for hierarchical cache Hierarchy.
[2022.01.21-22.11.37:531][  0]LogDerivedDataCache: FDerivedDataBackendGraph:  CompressedPak pak cache file ../../../../../../Users/Aryan/Documents/GitHub/Autonomous-Driving-UE4/DrivingProject/DerivedDataCache/Compressed.ddp not found, will not use a pak cache.
[2022.01.21-22.11.37:531][  0]LogDerivedDataCache: Unable to find inner node CompressedPak for hierarchical cache Hierarchy.
[2022.01.21-22.11.37:541][  0]LogDerivedDataCache: Display: Pak cache opened for reading ../../../Engine/DerivedDataCache/Compressed.ddp.
[2022.01.21-22.11.37:542][  0]LogDerivedDataCache: FDerivedDataBackendGraph:  EnterprisePak pak cache file ../../../Enterprise/DerivedDataCache/Compressed.ddp not found, will not use a pak cache.
[2022.01.21-22.11.37:542][  0]LogDerivedDataCache: Unable to find inner node EnterprisePak for hierarchical cache Hierarchy.
[2022.01.21-22.11.37:554][  0]LogDerivedDataCache: Using Local data cache path C:/Users/Aryan/AppData/Local/UnrealEngine/Common/DerivedDataCache: Writable
[2022.01.21-22.11.37:554][  0]LogDerivedDataCache: Shared data cache path not found in *engine.ini, will not use an Shared cache.
[2022.01.21-22.11.37:554][  0]LogDerivedDataCache: Unable to find inner node Shared for hierarchical cache Hierarchy.
[2022.01.21-22.11.37:571][  0]LogMaterial: Verifying Global Shaders for PCD3D_SM5
[2022.01.21-22.11.37:572][  0]LogSlate: Using FreeType 2.6.0
[2022.01.21-22.11.37:572][  0]LogSlate: SlateFontServices - WITH_FREETYPE: 1, WITH_HARFBUZZ: 1
[2022.01.21-22.11.37:645][  0]LogAssetRegistry: FAssetRegistry took 0.0319 seconds to start up
[2022.01.21-22.11.37:912][  0]LogInit: Selected Device Profile: [Windows]
[2022.01.21-22.11.38:032][  0]LogMeshReduction: Using QuadricMeshReduction for automatic static mesh reduction
[2022.01.21-22.11.38:032][  0]LogMeshReduction: Using SimplygonMeshReduction for automatic skeletal mesh reduction
[2022.01.21-22.11.38:032][  0]LogMeshReduction: Using ProxyLODMeshReduction for automatic mesh merging
[2022.01.21-22.11.38:032][  0]LogMeshReduction: No distributed automatic mesh merging module available
[2022.01.21-22.11.38:032][  0]LogMeshMerging: No distributed automatic mesh merging module available
[2022.01.21-22.11.38:040][  0]LogNetVersion: Driving 1.0.0, NetCL: 5660361, EngineNetVer: 10, GameNetVer: 0 (Checksum: 3751636522)
[2022.01.21-22.11.38:361][  0]LogPackageLocalizationCache: Processed 11 localized package path(s) for 1 prioritized culture(s) in 0.033502 seconds
[2022.01.21-22.11.38:366][  0]LogUObjectArray: 42205 objects as part of root set at end of initial load.
[2022.01.21-22.11.38:366][  0]LogUObjectAllocator: 7325032 out of 0 bytes used by permanent object pool.
[2022.01.21-22.11.38:366][  0]LogUObjectArray: CloseDisregardForGC: 0/0 objects in disregard for GC pool
[2022.01.21-22.11.39:115][  0]LogTcpMessaging: Initializing TcpMessaging bridge
[2022.01.21-22.11.39:129][  0]LogUdpMessaging: Initializing bridge on interface 0.0.0.0:0 to multicast group 230.0.0.1:6666.
[2022.01.21-22.11.39:236][  0]SourceControl: Source control is disabled
[2022.01.21-22.11.39:236][  0]SourceControl: Source control is disabled
[2022.01.21-22.11.39:238][  0]SourceControl: Source control is disabled
[2022.01.21-22.11.39:239][  0]SourceControl: Source control is disabled
[2022.01.21-22.11.39:331][  0]LogAndroidPermission: UAndroidPermissionCallbackProxy::GetInstance
[2022.01.21-22.11.39:434][  0]LogOcInput: OculusInput pre-init called
[2022.01.21-22.11.40:001][  0]LogPython: Python Scripts search path: ../../../../../../Users/Aryan/Documents/GitHub/Autonomous-Driving-UE4/DrivingProject/Content/Scripts
[2022.01.21-22.11.40:001][  0]LogPython: Python Scripts search path: ../../../../../../Users/Aryan/Documents/GitHub/Autonomous-Driving-UE4/DrivingProject/Plugins/UnrealEnginePython-master
[2022.01.21-22.11.40:001][  0]LogPython: Python VM initialized: 3.7.9 (tags/v3.7.9:13c94747c7, Aug 17 2020, 18:58:18) [MSC v.1900 64 bit (AMD64)]
[2022.01.21-22.11.40:003][  0]LogPython: ue_site Python module not found
[2022.01.21-22.11.40:158][  0]LogEngine: Initializing Engine...
[2022.01.21-22.11.40:159][  0]LogHMD: Failed to initialize OpenVR with code 110
[2022.01.21-22.11.40:160][  0]LogStats: UGameplayTagsManager::InitializeManager -  0.000 s
[2022.01.21-22.11.40:326][  0]LogInit: Initializing FReadOnlyCVARCache
[2022.01.21-22.11.40:337][  0]LogAIModule: Creating AISystem for world Untitled
[2022.01.21-22.11.40:361][  0]LogInit: XAudio2 using 'Speakers (Realtek(R) Audio)' : 2 channels at 48 kHz using 32 bits per sample (channel mask 0x3)
[2022.01.21-22.11.40:383][  0]LogInit: FAudioDevice initialized.
[2022.01.21-22.11.40:384][  0]LogNetVersion: Set ProjectVersion to 1.0.0.0. Version Checksum will be recalculated on next use.
[2022.01.21-22.11.40:439][  0]LogDerivedDataCache: Saved boot cache 0.06s 71MB C:/Users/Aryan/AppData/Local/UnrealEngine/4.22/DerivedDataCache/Boot.ddc.
[2022.01.21-22.11.40:439][  0]LogInit: Texture streaming: Enabled
[2022.01.21-22.11.40:457][  0]LogEngineSessionManager: EngineSessionManager initialized
[2022.01.21-22.11.40:474][  0]LogInit: Transaction tracking system initialized
[2022.01.21-22.11.40:496][  0]BlueprintLog: New page: Editor Load
[2022.01.21-22.11.40:574][  0]LocalizationService: Localization service is disabled
[2022.01.21-22.11.40:844][  0]LogFileCache: Scanning file cache for directory 'C:/Users/Aryan/Documents/GitHub/Autonomous-Driving-UE4/DrivingProject/Content/' took 0.02s
[2022.01.21-22.11.40:844][  0]LogCook: Display: Max memory allowance for cook 16384mb min free memory 0mb
[2022.01.21-22.11.40:844][  0]LogCook: Display: Mobile HDR setting 1
[2022.01.21-22.11.41:005][  0]SourceControl: Source control is disabled
[2022.01.21-22.11.41:005][  0]Cmd: MAP LOAD FILE="../../../../../../Users/Aryan/Documents/GitHub/Autonomous-Driving-UE4/DrivingProject/Content/VehicleBP/Maps/VehicleExampleMap.umap" TEMPLATE=0 SHOWPROGRESS=1 FEATURELEVEL=3
[2022.01.21-22.11.41:006][  0]LightingResults: New page: Lighting Build
[2022.01.21-22.11.41:008][  0]MapCheck: New page: Map Check
[2022.01.21-22.11.41:008][  0]LightingResults: New page: Lighting Build
[2022.01.21-22.11.41:031][  0]LogUObjectHash: Compacting FUObjectHashTables data took   1.26ms
[2022.01.21-22.11.41:331][  0]LogAIModule: Creating AISystem for world VehicleExampleMap
[2022.01.21-22.11.41:344][  0]LogEditorServer: Finished looking for orphan Actors (0.000 secs)
[2022.01.21-22.11.41:371][  0]LogUObjectHash: Compacting FUObjectHashTables data took   1.65ms
[2022.01.21-22.11.41:371][  0]Cmd: MAP CHECKDEP NOCLEARLOG
[2022.01.21-22.11.41:371][  0]MapCheck: Map check complete: 0 Error(s), 0 Warning(s), took 0.172ms to complete.
[2022.01.21-22.11.41:371][  0]LogFileHelpers: Loading map 'VehicleExampleMap' took 0.365
[2022.01.21-22.11.41:482][  0]LogSlate: Updating window title bar state: overlay mode, drag disabled, window buttons hidden, title bar hidden
[2022.01.21-22.11.41:488][  0]LogSlate: Updating window title bar state: overlay mode, drag disabled, window buttons hidden, title bar hidden
[2022.01.21-22.11.41:494][  0]LogSlate: Updating window title bar state: overlay mode, drag disabled, window buttons hidden, title bar hidden
[2022.01.21-22.11.41:498][  0]LogSlate: Updating window title bar state: overlay mode, drag disabled, window buttons hidden, title bar hidden
[2022.01.21-22.11.41:508][  0]LogCollectionManager: Loaded 0 collections in 0.001504 seconds
[2022.01.21-22.11.41:559][  0]LogFileCache: Scanning file cache for directory 'C:/Users/Aryan/Documents/GitHub/Autonomous-Driving-UE4/DrivingProject/Saved/Collections/' took 0.01s
[2022.01.21-22.11.41:559][  0]LogFileCache: Scanning file cache for directory 'C:/Users/Aryan/Documents/GitHub/Autonomous-Driving-UE4/DrivingProject/Content/Developers/Aryan/Collections/' took 0.01s
[2022.01.21-22.11.41:559][  0]LogFileCache: Scanning file cache for directory 'C:/Users/Aryan/Documents/GitHub/Autonomous-Driving-UE4/DrivingProject/Content/Collections/' took 0.01s
[2022.01.21-22.11.41:559][  0]LogCollectionManager: Rebuilt the GUID cache for 0 collections in 0.000000 seconds
[2022.01.21-22.11.41:568][  0]LogContentBrowser: Native class hierarchy populated in 0.0078 seconds. Added 2753 classes and 669 folders.
[2022.01.21-22.11.41:581][  0]LogContentBrowser: Native class hierarchy updated for 'WidgetCarousel' in 0.0003 seconds. Added 0 classes and 0 folders.
[2022.01.21-22.11.41:586][  0]LogPakFile: Registered encryption key '00000000000000000000000000000000': 0 pak files mounted, 0 remain pending
[2022.01.21-22.11.41:589][  0]LogPakFile: Registered encryption key '00000000000000000000000000000000': 0 pak files mounted, 0 remain pending
[2022.01.21-22.11.41:591][  0]LogPakFile: Registered encryption key '00000000000000000000000000000000': 0 pak files mounted, 0 remain pending
[2022.01.21-22.11.41:592][  0]LogPakFile: Registered encryption key '00000000000000000000000000000000': 0 pak files mounted, 0 remain pending
[2022.01.21-22.11.41:593][  0]LogPakFile: Registered encryption key '00000000000000000000000000000000': 0 pak files mounted, 0 remain pending
[2022.01.21-22.11.41:594][  0]LogPakFile: Registered encryption key '00000000000000000000000000000000': 0 pak files mounted, 0 remain pending
[2022.01.21-22.11.41:596][  0]LogPakFile: Registered encryption key '00000000000000000000000000000000': 0 pak files mounted, 0 remain pending
[2022.01.21-22.11.41:597][  0]LogPakFile: Registered encryption key '00000000000000000000000000000000': 0 pak files mounted, 0 remain pending
[2022.01.21-22.11.41:598][  0]LogPakFile: Registered encryption key '00000000000000000000000000000000': 0 pak files mounted, 0 remain pending
[2022.01.21-22.11.41:600][  0]LogPakFile: Registered encryption key '00000000000000000000000000000000': 0 pak files mounted, 0 remain pending
[2022.01.21-22.11.41:601][  0]LogPakFile: Registered encryption key '00000000000000000000000000000000': 0 pak files mounted, 0 remain pending
[2022.01.21-22.11.41:603][  0]LogPakFile: Registered encryption key '00000000000000000000000000000000': 0 pak files mounted, 0 remain pending
[2022.01.21-22.11.41:604][  0]LogPakFile: Registered encryption key '00000000000000000000000000000000': 0 pak files mounted, 0 remain pending
[2022.01.21-22.11.41:605][  0]LogPakFile: Registered encryption key '00000000000000000000000000000000': 0 pak files mounted, 0 remain pending
[2022.01.21-22.11.41:606][  0]LogPakFile: Registered encryption key '00000000000000000000000000000000': 0 pak files mounted, 0 remain pending
[2022.01.21-22.11.41:608][  0]LogPakFile: Registered encryption key '00000000000000000000000000000000': 0 pak files mounted, 0 remain pending
[2022.01.21-22.11.41:609][  0]LogPakFile: Registered encryption key '00000000000000000000000000000000': 0 pak files mounted, 0 remain pending
[2022.01.21-22.11.41:612][  0]LogPakFile: Registered encryption key '00000000000000000000000000000000': 0 pak files mounted, 0 remain pending
[2022.01.21-22.11.41:613][  0]LogPakFile: Registered encryption key '00000000000000000000000000000000': 0 pak files mounted, 0 remain pending
[2022.01.21-22.11.41:614][  0]LogPakFile: Registered encryption key '00000000000000000000000000000000': 0 pak files mounted, 0 remain pending
[2022.01.21-22.11.41:616][  0]LogPakFile: Registered encryption key '00000000000000000000000000000000': 0 pak files mounted, 0 remain pending
[2022.01.21-22.11.41:617][  0]LogPakFile: Registered encryption key '00000000000000000000000000000000': 0 pak files mounted, 0 remain pending
[2022.01.21-22.11.41:618][  0]LogPakFile: Registered encryption key '00000000000000000000000000000000': 0 pak files mounted, 0 remain pending
[2022.01.21-22.11.41:620][  0]LogPakFile: Registered encryption key '00000000000000000000000000000000': 0 pak files mounted, 0 remain pending
[2022.01.21-22.11.41:621][  0]LogPakFile: Registered encryption key '00000000000000000000000000000000': 0 pak files mounted, 0 remain pending
[2022.01.21-22.11.41:622][  0]LogPakFile: Registered encryption key '00000000000000000000000000000000': 0 pak files mounted, 0 remain pending
[2022.01.21-22.11.41:695][  0]LogContentBrowser: Native class hierarchy updated for 'AddContentDialog' in 0.0002 seconds. Added 0 classes and 0 folders.
[2022.01.21-22.11.41:702][  0]LogContentBrowser: Native class hierarchy updated for 'SceneOutliner' in 0.0002 seconds. Added 1 classes and 2 folders.
[2022.01.21-22.11.41:744][  0]LogSlate: Took 0.000114 seconds to synchronously load lazily loaded font '../../../Engine/Content/Slate/Fonts/Roboto-Regular.ttf' (155K)
[2022.01.21-22.11.41:745][  0]LogSlate: Took 0.000103 seconds to synchronously load lazily loaded font '../../../Engine/Content/Slate/Fonts/Roboto-Bold.ttf' (160K)
[2022.01.21-22.11.41:749][  0]LogSlate: Took 0.000617 seconds to synchronously load lazily loaded font '../../../Engine/Content/Editor/Slate/Fonts/FontAwesome.ttf' (139K)
[2022.01.21-22.11.41:752][  0]LogSlate: Took 0.000823 seconds to synchronously load lazily loaded font '../../../Engine/Content/Slate/Fonts/DroidSansMono.ttf' (77K)
[2022.01.21-22.11.41:846][  0]LogRenderer: Reallocating scene render targets to support 1204x684 Format 10 NumSamples 1 (Frame:1).
[2022.01.21-22.11.41:940][  0]LogContentBrowser: Native class hierarchy updated for 'HierarchicalLODOutliner' in 0.0002 seconds. Added 0 classes and 0 folders.
[2022.01.21-22.11.41:940][  0]LogLoad: (Engine Initialization) Total time: 8.32 seconds
[2022.01.21-22.11.41:940][  0]LogLoad: (Engine Initialization) Total Blueprint compile time: 0.00 seconds
[2022.01.21-22.11.41:969][  0]LogRawInputWindows: Warning: Found device 0 devices
[2022.01.21-22.11.41:969][  0]LogRawInputWindows: Warning: Found device 0 devices
[2022.01.21-22.11.41:969][  0]LogRawInputWindows: Warning: Device was registered succesfully but not connected (Usage:4 UsagePage:1)
[2022.01.21-22.11.41:969][  0]LogRawInputWindows: Warning: Found device 1 devices
[2022.01.21-22.11.41:969][  0]LogRawInputWindows: Warning: Device was registered succesfully but not connected (Usage:5 UsagePage:1)
[2022.01.21-22.11.42:000][  0]LogAssetRegistry: Asset discovery search completed in 4.3781 seconds
[2022.01.21-22.11.42:002][  0]LogCollectionManager: Rebuilt the object cache for 0 collections in 0.000000 seconds (found 0 objects)
[2022.01.21-22.11.42:002][  0]LogCollectionManager: Fixed up redirectors for 0 collections in 0.000144 seconds (updated 0 objects)
[2022.01.21-22.11.42:003][  0]LogContentStreaming: Texture pool size now 1000 MB
[2022.01.21-22.11.42:024][  0]LogSlate: Took 0.000723 seconds to synchronously load lazily loaded font '../../../Engine/Content/Slate/Fonts/Roboto-Light.ttf' (167K)
[2022.01.21-22.11.42:035][  1]LogFileCache: Retrieving MD5 hashes for directory 'C:/Users/Aryan/Documents/GitHub/Autonomous-Driving-UE4/DrivingProject/Content/' took 0.05s
[2022.01.21-22.11.43:001][109]LogSlate: Took 0.000131 seconds to synchronously load lazily loaded font '../../../Engine/Content/Slate/Fonts/Roboto-Light.ttf' (167K)
[2022.01.21-22.11.43:002][109]LogSlate: FSceneViewport::OnFocusLost() reason 2
[2022.01.21-22.11.43:006][109]LogAssetEditorManager: Opening Asset editor for Blueprint /Game/VehicleBP/Sedan/Sedan.Sedan
[2022.01.21-22.11.43:219][109]LogContentBrowser: Native class hierarchy updated for 'BlueprintGraph' in 0.0005 seconds. Added 121 classes and 0 folders.
[2022.01.21-22.11.53:612][109]LogPython: Warning: test
[2022.01.21-22.11.53:612][109]LogPython: Warning: (<unreal_engine.UObject object at 0x000001BF3EC2C0F0>,)
[2022.01.21-22.11.53:612][109]LogPython: Warning: {'__module__': 'PythonScript2', '__qualname__': 'test', '__init__': <function test.__init__ at 0x000001BFA5237AF8>, 'BeginPlay': <function test.BeginPlay at 0x000001BFA5237DC8>, 'Tick': <function test.Tick at 0x000001BFA5237E58>}
[2022.01.21-22.11.53:613][109]LogPython: Warning: REGISTERED FUNCTION BeginPlay WITH 0 PARAMS (size 0) 0
[2022.01.21-22.11.53:613][109]LogPython: Warning: REGISTERED FUNCTION Tick WITH 0 PARAMS (size 0) 0
[2022.01.21-22.11.53:657][109]LogPython: Warning: test
[2022.01.21-22.11.53:657][109]LogPython: Warning: (<unreal_engine.UObject object at 0x000001BF3EC2C0F0>,)
[2022.01.21-22.11.53:657][109]LogPython: Warning: {'__module__': 'PythonScript2', '__qualname__': 'test', '__init__': <function test.__init__ at 0x000001BFA5237B88>, 'BeginPlay': <function test.BeginPlay at 0x000001BFA5237C18>, 'Tick': <function test.Tick at 0x000001BFA5237CA8>}
[2022.01.21-22.11.53:658][109]LogPython: Warning: Preparing for overwriting class test ...
[2022.01.21-22.11.53:658][109]LogPython: Warning: removing function Tick
[2022.01.21-22.11.53:658][109]LogPython: Warning: removing function BeginPlay
[2022.01.21-22.11.53:658][109]LogPython: Warning: REGISTERED FUNCTION BeginPlay WITH 0 PARAMS (size 0) 0
[2022.01.21-22.11.53:659][109]LogPython: Warning: REGISTERED FUNCTION Tick WITH 0 PARAMS (size 0) 0
[2022.01.21-22.11.53:705][109]LogSlate: Took 0.000721 seconds to synchronously load lazily loaded font '../../../Engine/Content/Slate/Fonts/Roboto-BoldCondensed.ttf' (158K)
[2022.01.21-22.11.53:883][110]AssetReimport: New page: Outstanding source content changes 12:11:53 PM
[2022.01.21-22.11.53:887][110]LogSlate: Took 0.000900 seconds to synchronously load lazily loaded font '../../../Engine/Content/Slate/Fonts/Roboto-Italic.ttf' (157K)
[2022.01.21-22.12.05:350][463]LogSlate: Took 0.033415 seconds to synchronously load lazily loaded font '../../../../../../Users/Aryan/Documents/GitHub/Autonomous-Driving-UE4/DrivingProject/Plugins/UnrealEnginePython-master/Resources/Font/DroidSansMono.ttf' (77K)
[2022.01.21-22.12.05:351][463]LogSlate: Warning: Legacy localized fallback font '../../../Engine/Content/Slate/Fonts/DroidSansFallback.ttf' was requested. Font: '../../../../../../Users/Aryan/Documents/GitHub/Autonomous-Driving-UE4/DrivingProject/Plugins/UnrealEnginePython-master/Resources/Font/DroidSansMono.ttf', Character: '	 (U+0009)'
Legacy localized fallback fonts were deprecated in 4.22 and will be removed in a future version!
Please update your composite fonts to use localized sub-font families: https://docs.unrealengine.com/en-US/Engine/UMG/UserGuide/Fonts/Overview
[2022.01.21-22.12.05:359][463]LogSlate: Took 0.007610 seconds to synchronously load lazily loaded font '../../../Engine/Content/Slate/Fonts/DroidSansFallback.ttf' (3848K)
[2022.01.21-22.12.05:359][463]LogSlate: Last resort fallback font was requested. Font: '../../../../../../Users/Aryan/Documents/GitHub/Autonomous-Driving-UE4/DrivingProject/Plugins/UnrealEnginePython-master/Resources/Font/DroidSansMono.ttf', Character: '	 (U+0009)'
[2022.01.21-22.12.05:370][463]LogSlate: Took 0.008273 seconds to synchronously load lazily loaded font '../../../Engine/Content/SlateDebug/Fonts/LastResort.ttf' (5269K)
[2022.01.21-22.12.05:979][531]LogPython: Warning: test
[2022.01.21-22.12.05:979][531]LogPython: Warning: (<unreal_engine.UObject object at 0x000001BF3EC2C0F0>,)
[2022.01.21-22.12.05:979][531]LogPython: Warning: {'__module__': '__main__', '__qualname__': 'test', '__init__': <function test.__init__ at 0x000001BFABA7DAF8>, 'BeginPlay': <function test.BeginPlay at 0x000001BFABA7DDC8>, 'Tick': <function test.Tick at 0x000001BFABA7DE58>}
[2022.01.21-22.12.05:979][531]LogPython: Warning: Preparing for overwriting class test ...
[2022.01.21-22.12.05:979][531]LogPython: Warning: removing function Tick
[2022.01.21-22.12.05:979][531]LogPython: Warning: removing function BeginPlay
[2022.01.21-22.12.05:980][531]LogPython: Warning: REGISTERED FUNCTION BeginPlay WITH 0 PARAMS (size 0) 0
[2022.01.21-22.12.05:980][531]LogPython: Warning: REGISTERED FUNCTION Tick WITH 0 PARAMS (size 0) 0
[2022.01.21-22.12.10:025][972]LogTemp: Repeating last play command: Selected Viewport
[2022.01.21-22.12.10:032][972]LogBlueprintUserMessages: Early PlayInEditor Detection: Level '/Game/VehicleBP/Maps/VehicleExampleMap.VehicleExampleMap:PersistentLevel' has LevelScriptBlueprint '/Game/VehicleBP/Maps/VehicleExampleMap.VehicleExampleMap:PersistentLevel.VehicleExampleMap' with GeneratedClass '/Game/VehicleBP/Maps/VehicleExampleMap.VehicleExampleMap_C' with ClassGeneratedBy '/Game/VehicleBP/Maps/VehicleExampleMap.VehicleExampleMap:PersistentLevel.VehicleExampleMap'
[2022.01.21-22.12.10:033][972]LogPlayLevel: PlayLevel: No blueprints needed recompiling
[2022.01.21-22.12.10:033][972]PIE: New page: PIE session: VehicleExampleMap (Jan 21, 2022, 12:12:10 PM)
[2022.01.21-22.12.10:046][972]LogPlayLevel: Creating play world package: /Game/VehicleBP/Maps/UEDPIE_0_VehicleExampleMap
[2022.01.21-22.12.10:060][972]LogPlayLevel: PIE: StaticDuplicateObject took: (0.013885s)
[2022.01.21-22.12.10:061][972]LogAIModule: Creating AISystem for world VehicleExampleMap
[2022.01.21-22.12.10:061][972]LogPlayLevel: PIE: World Init took: (0.000605s)
[2022.01.21-22.12.10:061][972]LogPlayLevel: PIE: Created PIE world by copying editor world from /Game/VehicleBP/Maps/VehicleExampleMap.VehicleExampleMap to /Game/VehicleBP/Maps/UEDPIE_0_VehicleExampleMap.VehicleExampleMap (0.015053s)
[2022.01.21-22.12.10:094][972]LogUObjectHash: Compacting FUObjectHashTables data took   2.64ms
[2022.01.21-22.12.10:113][972]LogInit: XAudio2 using 'Speakers (Realtek(R) Audio)' : 2 channels at 48 kHz using 32 bits per sample (channel mask 0x3)
[2022.01.21-22.12.10:129][972]LogInit: FAudioDevice initialized.
[2022.01.21-22.12.10:173][972]LogLoad: Game class is 'VehicleGameMode_C'
[2022.01.21-22.12.10:178][972]LogWorld: Bringing World /Game/VehicleBP/Maps/UEDPIE_0_VehicleExampleMap.VehicleExampleMap up for play (max tick rate 0) at 2022.01.21-17.12.10
[2022.01.21-22.12.10:199][972]LogPython: Warning: test
[2022.01.21-22.12.10:199][972]LogPython: Warning: (<unreal_engine.UObject object at 0x000001BF3EC2C0F0>,)
[2022.01.21-22.12.10:199][972]LogPython: Warning: {'__module__': 'PythonScript2', '__qualname__': 'test', '__init__': <function test.__init__ at 0x000001BFABA62558>, 'BeginPlay': <function test.BeginPlay at 0x000001BFABA625E8>, 'Tick': <function test.Tick at 0x000001BFABA62678>}
[2022.01.21-22.12.10:199][972]LogPython: Warning: Preparing for overwriting class test ...
[2022.01.21-22.12.10:200][972]LogPython: Warning: removing function Tick
[2022.01.21-22.12.10:200][972]LogPython: Warning: removing function BeginPlay
[2022.01.21-22.12.10:200][972]LogPython: Warning: REGISTERED FUNCTION BeginPlay WITH 0 PARAMS (size 0) 0
[2022.01.21-22.12.10:200][972]LogPython: Warning: REGISTERED FUNCTION Tick WITH 0 PARAMS (size 0) 0
[2022.01.21-22.12.10:237][972]LogWorld: Bringing up level for play took: 0.061294
[2022.01.21-22.12.10:252][972]LogBlueprintActionDatabase: Requesting refresh due to module change: Voice (loaded)
[2022.01.21-22.12.10:255][972]LogBlueprintActionDatabase: Requesting refresh due to module change: MovieSceneCapture (loaded)
[2022.01.21-22.12.10:256][972]LogContentBrowser: Native class hierarchy updated for 'MovieSceneCapture' in 0.0003 seconds. Added 20 classes and 0 folders.
[2022.01.21-22.12.10:256][972]PIE: Play in editor start time for /Game/VehicleBP/Maps/UEDPIE_0_VehicleExampleMap 0.489
[2022.01.21-22.12.10:256][972]LogBlueprintUserMessages: Late PlayInEditor Detection: Level '/Game/VehicleBP/Maps/VehicleExampleMap.VehicleExampleMap:PersistentLevel' has LevelScriptBlueprint '/Game/VehicleBP/Maps/VehicleExampleMap.VehicleExampleMap:PersistentLevel.VehicleExampleMap' with GeneratedClass '/Game/VehicleBP/Maps/VehicleExampleMap.VehicleExampleMap_C' with ClassGeneratedBy '/Game/VehicleBP/Maps/VehicleExampleMap.VehicleExampleMap:PersistentLevel.VehicleExampleMap'
[2022.01.21-22.12.10:281][972]LogPython: a
[2022.01.21-22.12.10:282][972]LogPython: 

[2022.01.21-22.12.10:301][972]LogPython: yay
[2022.01.21-22.12.10:301][972]LogPython: 

[2022.01.21-22.12.10:310][972]LogPython: a
[2022.01.21-22.12.10:311][972]LogPython: 

[2022.01.21-22.12.10:330][972]LogPython: yay
[2022.01.21-22.12.10:330][972]LogPython: 

[2022.01.21-22.12.10:336][972]LogPython: a
[2022.01.21-22.12.10:336][972]LogPython: 

[2022.01.21-22.12.10:341][972]LogPython: yay
[2022.01.21-22.12.10:341][972]LogPython: 

[2022.01.21-22.12.10:347][972]LogPython: a
[2022.01.21-22.12.10:347][972]LogPython: 

[2022.01.21-22.12.10:352][972]LogPython: yay
[2022.01.21-22.12.10:352][972]LogPython: 

[2022.01.21-22.12.10:358][972]LogPython: a
[2022.01.21-22.12.10:358][972]LogPython: 

[2022.01.21-22.12.10:368][972]LogPython: yay
[2022.01.21-22.12.10:368][972]LogPython: 

[2022.01.21-22.12.10:374][972]LogPython: a
[2022.01.21-22.12.10:374][972]LogPython: 

[2022.01.21-22.12.10:384][972]LogPython: woo
[2022.01.21-22.12.10:384][972]LogPython: 

[2022.01.21-22.12.10:384][972]LogPython: yay
[2022.01.21-22.12.10:384][972]LogPython: 

[2022.01.21-22.12.10:390][972]LogPython: a
[2022.01.21-22.12.10:390][972]LogPython: 

[2022.01.21-22.12.10:395][972]LogPython: yay
[2022.01.21-22.12.10:395][972]LogPython: 

[2022.01.21-22.12.10:401][972]LogPython: a
[2022.01.21-22.12.10:401][972]LogPython: 

[2022.01.21-22.12.10:406][972]LogPython: yay
[2022.01.21-22.12.10:406][972]LogPython: 

[2022.01.21-22.12.10:412][972]LogPython: a
[2022.01.21-22.12.10:412][972]LogPython: 

[2022.01.21-22.12.10:431][972]LogPython: yay
[2022.01.21-22.12.10:431][972]LogPython: 

[2022.01.21-22.12.10:437][972]LogPython: a
[2022.01.21-22.12.10:437][972]LogPython: 

[2022.01.21-22.12.10:457][972]LogPython: pog
[2022.01.21-22.12.10:457][972]LogPython: 

[2022.01.21-22.12.10:457][972]LogPython: yay
[2022.01.21-22.12.10:457][972]LogPython: 

[2022.01.21-22.12.10:638][972]LogPython: Error: WARNING:tensorflow:From C:\Users\Aryan\AppData\Local\Programs\Python\Python37\lib\site-packages\tensorflow\python\autograph\impl\api.py:377: ReplayBuffer.get_next (from tf_agents.replay_buffers.replay_buffer) is deprecated and will be removed in a future version.
Instructions for updating:
Use `as_dataset(..., single_deterministic_pass=False) instead.

[2022.01.21-22.12.11:266][972]LogPython: Error: No complete episode found. REINFORCE requires full episodes to compute losses.
Condition x > y did not hold.
First 1 elements of x:
[0.]
First 1 elements of y:
[0.]
[2022.01.21-22.12.11:270][972]LogPython: Error: Traceback (most recent call last):

[2022.01.21-22.12.11:270][972]LogPython: Error:   File "../../../../../../Users/Aryan/Documents/GitHub/Autonomous-Driving-UE4/DrivingProject/Content/Scripts\PythonScript2.py", line 318, in Tick
    loss = tf_agent.train(experience=trajectories)

[2022.01.21-22.12.11:271][972]LogPython: Error:   File "C:\Users\Aryan\AppData\Local\Programs\Python\Python37\lib\site-packages\tf_agents\agents\tf_agent.py", line 332, in train
    experience=experience, weights=weights, **kwargs)

[2022.01.21-22.12.11:271][972]LogPython: Error:   File "C:\Users\Aryan\AppData\Local\Programs\Python\Python37\lib\site-packages\tf_agents\utils\common.py", line 188, in with_check_resource_vars
    return fn(*fn_args, **fn_kwargs)

[2022.01.21-22.12.11:271][972]LogPython: Error:   File "C:\Users\Aryan\AppData\Local\Programs\Python\Python37\lib\site-packages\tf_agents\agents\reinforce\reinforce_agent.py", line 274, in _train
    training=True)

[2022.01.21-22.12.11:271][972]LogPython: Error:   File "C:\Users\Aryan\AppData\Local\Programs\Python\Python37\lib\site-packages\tf_agents\agents\reinforce\reinforce_agent.py", line 312, in total_loss
    message='No complete episode found. REINFORCE requires full episodes '

[2022.01.21-22.12.11:271][972]LogPython: Error:   File "C:\Users\Aryan\AppData\Local\Programs\Python\Python37\lib\site-packages\tensorflow\python\util\traceback_utils.py", line 153, in error_handler
    raise e.with_traceback(filtered_tb) from None

[2022.01.21-22.12.11:272][972]LogPython: Error:   File "C:\Users\Aryan\AppData\Local\Programs\Python\Python37\lib\site-packages\tensorflow\python\ops\check_ops.py", line 408, in _binary_assert
    message=('\n'.join(_pretty_print(d, summarize) for d in data)))

[2022.01.21-22.12.11:272][972]LogPython: Error: tensorflow.python.framework.errors_impl.InvalidArgumentError: No complete episode found. REINFORCE requires full episodes to compute losses.
Condition x > y did not hold.
First 1 elements of x:
[0.]
First 1 elements of y:
[0.]

[2022.01.21-22.12.11:518][973]LogPython: a
[2022.01.21-22.12.11:518][973]LogPython: 

[2022.01.21-22.12.11:528][973]LogPython: yay
[2022.01.21-22.12.11:528][973]LogPython: 

[2022.01.21-22.12.11:534][973]LogPython: a
[2022.01.21-22.12.11:534][973]LogPython: 

[2022.01.21-22.12.11:554][973]LogPython: yay
[2022.01.21-22.12.11:554][973]LogPython: 

[2022.01.21-22.12.11:560][973]LogPython: a
[2022.01.21-22.12.11:560][973]LogPython: 

[2022.01.21-22.12.11:570][973]LogPython: yay
[2022.01.21-22.12.11:570][973]LogPython: 

[2022.01.21-22.12.11:575][973]LogPython: a
[2022.01.21-22.12.11:575][973]LogPython: 

[2022.01.21-22.12.11:595][973]LogPython: yay
[2022.01.21-22.12.11:595][973]LogPython: 

[2022.01.21-22.12.11:601][973]LogPython: a
[2022.01.21-22.12.11:601][973]LogPython: 

[2022.01.21-22.12.11:606][973]LogPython: yay
[2022.01.21-22.12.11:606][973]LogPython: 

[2022.01.21-22.12.11:612][973]LogPython: a
[2022.01.21-22.12.11:612][973]LogPython: 

[2022.01.21-22.12.11:632][973]LogPython: yay
[2022.01.21-22.12.11:633][973]LogPython: 

[2022.01.21-22.12.11:638][973]LogPython: a
[2022.01.21-22.12.11:638][973]LogPython: 

[2022.01.21-22.12.11:648][973]LogPython: woo
[2022.01.21-22.12.11:648][973]LogPython: 

[2022.01.21-22.12.11:648][973]LogPython: yay
[2022.01.21-22.12.11:648][973]LogPython: 

[2022.01.21-22.12.11:654][973]LogPython: a
[2022.01.21-22.12.11:654][973]LogPython: 

[2022.01.21-22.12.11:664][973]LogPython: yay
[2022.01.21-22.12.11:664][973]LogPython: 

[2022.01.21-22.12.11:670][973]LogPython: a
[2022.01.21-22.12.11:670][973]LogPython: 

[2022.01.21-22.12.11:675][973]LogPython: yay
[2022.01.21-22.12.11:675][973]LogPython: 

[2022.01.21-22.12.11:681][973]LogPython: a
[2022.01.21-22.12.11:681][973]LogPython: 

[2022.01.21-22.12.11:692][973]LogPython: yay
[2022.01.21-22.12.11:692][973]LogPython: 

[2022.01.21-22.12.11:806][973]LogPython: Error: No complete episode found. REINFORCE requires full episodes to compute losses.
Condition x > y did not hold.
First 1 elements of x:
[0.]
First 1 elements of y:
[0.]
[2022.01.21-22.12.11:807][973]LogPython: Error: Traceback (most recent call last):

[2022.01.21-22.12.11:807][973]LogPython: Error:   File "../../../../../../Users/Aryan/Documents/GitHub/Autonomous-Driving-UE4/DrivingProject/Content/Scripts\PythonScript2.py", line 318, in Tick
    loss = tf_agent.train(experience=trajectories)

[2022.01.21-22.12.11:807][973]LogPython: Error:   File "C:\Users\Aryan\AppData\Local\Programs\Python\Python37\lib\site-packages\tf_agents\agents\tf_agent.py", line 332, in train
    experience=experience, weights=weights, **kwargs)

[2022.01.21-22.12.11:807][973]LogPython: Error:   File "C:\Users\Aryan\AppData\Local\Programs\Python\Python37\lib\site-packages\tf_agents\utils\common.py", line 188, in with_check_resource_vars
    return fn(*fn_args, **fn_kwargs)

[2022.01.21-22.12.11:808][973]LogPython: Error:   File "C:\Users\Aryan\AppData\Local\Programs\Python\Python37\lib\site-packages\tf_agents\agents\reinforce\reinforce_agent.py", line 274, in _train
    training=True)

[2022.01.21-22.12.11:808][973]LogPython: Error:   File "C:\Users\Aryan\AppData\Local\Programs\Python\Python37\lib\site-packages\tf_agents\agents\reinforce\reinforce_agent.py", line 312, in total_loss
    message='No complete episode found. REINFORCE requires full episodes '

[2022.01.21-22.12.11:808][973]LogPython: Error:   File "C:\Users\Aryan\AppData\Local\Programs\Python\Python37\lib\site-packages\tensorflow\python\util\traceback_utils.py", line 153, in error_handler
    raise e.with_traceback(filtered_tb) from None

[2022.01.21-22.12.11:808][973]LogPython: Error:   File "C:\Users\Aryan\AppData\Local\Programs\Python\Python37\lib\site-packages\tensorflow\python\ops\check_ops.py", line 408, in _binary_assert
    message=('\n'.join(_pretty_print(d, summarize) for d in data)))

[2022.01.21-22.12.11:809][973]LogPython: Error: tensorflow.python.framework.errors_impl.InvalidArgumentError: No complete episode found. REINFORCE requires full episodes to compute losses.
Condition x > y did not hold.
First 1 elements of x:
[0.]
First 1 elements of y:
[0.]

[2022.01.21-22.12.11:825][974]LogPython: a
[2022.01.21-22.12.11:825][974]LogPython: 

[2022.01.21-22.12.11:835][974]LogPython: yay
[2022.01.21-22.12.11:835][974]LogPython: 

[2022.01.21-22.12.11:841][974]LogPython: a
[2022.01.21-22.12.11:841][974]LogPython: 

[2022.01.21-22.12.11:861][974]LogPython: yay
[2022.01.21-22.12.11:861][974]LogPython: 

[2022.01.21-22.12.11:867][974]LogPython: a
[2022.01.21-22.12.11:867][974]LogPython: 

[2022.01.21-22.12.11:886][974]LogPython: yay
[2022.01.21-22.12.11:886][974]LogPython: 

[2022.01.21-22.12.11:891][974]LogPython: a
[2022.01.21-22.12.11:891][974]LogPython: 

[2022.01.21-22.12.11:902][974]LogPython: yay
[2022.01.21-22.12.11:902][974]LogPython: 

[2022.01.21-22.12.11:908][974]LogPython: a
[2022.01.21-22.12.11:908][974]LogPython: 

[2022.01.21-22.12.11:919][974]LogPython: yay
[2022.01.21-22.12.11:919][974]LogPython: 

[2022.01.21-22.12.11:925][974]LogPython: a
[2022.01.21-22.12.11:925][974]LogPython: 

[2022.01.21-22.12.11:945][974]LogPython: yay
[2022.01.21-22.12.11:945][974]LogPython: 

[2022.01.21-22.12.11:950][974]LogPython: a
[2022.01.21-22.12.11:951][974]LogPython: 

[2022.01.21-22.12.11:961][974]LogPython: yay
[2022.01.21-22.12.11:961][974]LogPython: 

[2022.01.21-22.12.11:967][974]LogPython: a
[2022.01.21-22.12.11:967][974]LogPython: 

[2022.01.21-22.12.11:972][974]LogPython: yay
[2022.01.21-22.12.11:973][974]LogPython: 

[2022.01.21-22.12.11:978][974]LogPython: a
[2022.01.21-22.12.11:979][974]LogPython: 

[2022.01.21-22.12.11:998][974]LogPython: pog
[2022.01.21-22.12.11:998][974]LogPython: 

[2022.01.21-22.12.11:998][974]LogPython: yay
[2022.01.21-22.12.11:998][974]LogPython: 

[2022.01.21-22.12.12:004][974]LogPython: a
[2022.01.21-22.12.12:004][974]LogPython: 

[2022.01.21-22.12.12:014][974]LogPython: yay
[2022.01.21-22.12.12:015][974]LogPython: 

[2022.01.21-22.12.12:128][974]LogPython: Error: No complete episode found. REINFORCE requires full episodes to compute losses.
Condition x > y did not hold.
First 1 elements of x:
[0.]
First 1 elements of y:
[0.]
[2022.01.21-22.12.12:129][974]LogPython: Error: Traceback (most recent call last):

[2022.01.21-22.12.12:129][974]LogPython: Error:   File "../../../../../../Users/Aryan/Documents/GitHub/Autonomous-Driving-UE4/DrivingProject/Content/Scripts\PythonScript2.py", line 318, in Tick
    loss = tf_agent.train(experience=trajectories)

[2022.01.21-22.12.12:129][974]LogPython: Error:   File "C:\Users\Aryan\AppData\Local\Programs\Python\Python37\lib\site-packages\tf_agents\agents\tf_agent.py", line 332, in train
    experience=experience, weights=weights, **kwargs)

[2022.01.21-22.12.12:129][974]LogPython: Error:   File "C:\Users\Aryan\AppData\Local\Programs\Python\Python37\lib\site-packages\tf_agents\utils\common.py", line 188, in with_check_resource_vars
    return fn(*fn_args, **fn_kwargs)

[2022.01.21-22.12.12:130][974]LogPython: Error:   File "C:\Users\Aryan\AppData\Local\Programs\Python\Python37\lib\site-packages\tf_agents\agents\reinforce\reinforce_agent.py", line 274, in _train
    training=True)

[2022.01.21-22.12.12:130][974]LogPython: Error:   File "C:\Users\Aryan\AppData\Local\Programs\Python\Python37\lib\site-packages\tf_agents\agents\reinforce\reinforce_agent.py", line 312, in total_loss
    message='No complete episode found. REINFORCE requires full episodes '

[2022.01.21-22.12.12:130][974]LogPython: Error:   File "C:\Users\Aryan\AppData\Local\Programs\Python\Python37\lib\site-packages\tensorflow\python\util\traceback_utils.py", line 153, in error_handler
    raise e.with_traceback(filtered_tb) from None

[2022.01.21-22.12.12:130][974]LogPython: Error:   File "C:\Users\Aryan\AppData\Local\Programs\Python\Python37\lib\site-packages\tensorflow\python\ops\check_ops.py", line 408, in _binary_assert
    message=('\n'.join(_pretty_print(d, summarize) for d in data)))

[2022.01.21-22.12.12:130][974]LogPython: Error: tensorflow.python.framework.errors_impl.InvalidArgumentError: No complete episode found. REINFORCE requires full episodes to compute losses.
Condition x > y did not hold.
First 1 elements of x:
[0.]
First 1 elements of y:
[0.]

[2022.01.21-22.12.12:146][975]LogPython: a
[2022.01.21-22.12.12:146][975]LogPython: 

[2022.01.21-22.12.12:165][975]LogPython: yay
[2022.01.21-22.12.12:165][975]LogPython: 

[2022.01.21-22.12.12:170][975]LogPython: a
[2022.01.21-22.12.12:171][975]LogPython: 

[2022.01.21-22.12.12:190][975]LogPython: yay
[2022.01.21-22.12.12:190][975]LogPython: 

[2022.01.21-22.12.12:196][975]LogPython: a
[2022.01.21-22.12.12:196][975]LogPython: 

[2022.01.21-22.12.12:216][975]LogPython: pog
[2022.01.21-22.12.12:216][975]LogPython: 

[2022.01.21-22.12.12:216][975]LogPython: yay
[2022.01.21-22.12.12:216][975]LogPython: 

[2022.01.21-22.12.12:222][975]LogPython: a
[2022.01.21-22.12.12:222][975]LogPython: 

[2022.01.21-22.12.12:232][975]LogPython: woo
[2022.01.21-22.12.12:232][975]LogPython: 

[2022.01.21-22.12.12:232][975]LogPython: yay
[2022.01.21-22.12.12:232][975]LogPython: 

[2022.01.21-22.12.12:238][975]LogPython: a
[2022.01.21-22.12.12:238][975]LogPython: 

[2022.01.21-22.12.12:244][975]LogPython: yay
[2022.01.21-22.12.12:244][975]LogPython: 

[2022.01.21-22.12.12:249][975]LogPython: a
[2022.01.21-22.12.12:249][975]LogPython: 

[2022.01.21-22.12.12:269][975]LogPython: yay
[2022.01.21-22.12.12:269][975]LogPython: 

[2022.01.21-22.12.12:275][975]LogPython: a
[2022.01.21-22.12.12:275][975]LogPython: 

[2022.01.21-22.12.12:295][975]LogPython: yay
[2022.01.21-22.12.12:295][975]LogPython: 

[2022.01.21-22.12.12:300][975]LogPython: a
[2022.01.21-22.12.12:300][975]LogPython: 

[2022.01.21-22.12.12:320][975]LogPython: yay
[2022.01.21-22.12.12:320][975]LogPython: 

[2022.01.21-22.12.12:326][975]LogPython: a
[2022.01.21-22.12.12:326][975]LogPython: 

[2022.01.21-22.12.12:346][975]LogPython: yay
[2022.01.21-22.12.12:346][975]LogPython: 

[2022.01.21-22.12.12:352][975]LogPython: a
[2022.01.21-22.12.12:352][975]LogPython: 

[2022.01.21-22.12.12:357][975]LogPython: yay
[2022.01.21-22.12.12:357][975]LogPython: 

[2022.01.21-22.12.12:471][975]LogPython: Error: No complete episode found. REINFORCE requires full episodes to compute losses.
Condition x > y did not hold.
First 1 elements of x:
[0.]
First 1 elements of y:
[0.]
[2022.01.21-22.12.12:472][975]LogPython: Error: Traceback (most recent call last):

[2022.01.21-22.12.12:472][975]LogPython: Error:   File "../../../../../../Users/Aryan/Documents/GitHub/Autonomous-Driving-UE4/DrivingProject/Content/Scripts\PythonScript2.py", line 318, in Tick
    loss = tf_agent.train(experience=trajectories)

[2022.01.21-22.12.12:472][975]LogPython: Error:   File "C:\Users\Aryan\AppData\Local\Programs\Python\Python37\lib\site-packages\tf_agents\agents\tf_agent.py", line 332, in train
    experience=experience, weights=weights, **kwargs)

[2022.01.21-22.12.12:472][975]LogPython: Error:   File "C:\Users\Aryan\AppData\Local\Programs\Python\Python37\lib\site-packages\tf_agents\utils\common.py", line 188, in with_check_resource_vars
    return fn(*fn_args, **fn_kwargs)

[2022.01.21-22.12.12:473][975]LogPython: Error:   File "C:\Users\Aryan\AppData\Local\Programs\Python\Python37\lib\site-packages\tf_agents\agents\reinforce\reinforce_agent.py", line 274, in _train
    training=True)

[2022.01.21-22.12.12:473][975]LogPython: Error:   File "C:\Users\Aryan\AppData\Local\Programs\Python\Python37\lib\site-packages\tf_agents\agents\reinforce\reinforce_agent.py", line 312, in total_loss
    message='No complete episode found. REINFORCE requires full episodes '

[2022.01.21-22.12.12:473][975]LogPython: Error:   File "C:\Users\Aryan\AppData\Local\Programs\Python\Python37\lib\site-packages\tensorflow\python\util\traceback_utils.py", line 153, in error_handler
    raise e.with_traceback(filtered_tb) from None

[2022.01.21-22.12.12:473][975]LogPython: Error:   File "C:\Users\Aryan\AppData\Local\Programs\Python\Python37\lib\site-packages\tensorflow\python\ops\check_ops.py", line 408, in _binary_assert
    message=('\n'.join(_pretty_print(d, summarize) for d in data)))

[2022.01.21-22.12.12:474][975]LogPython: Error: tensorflow.python.framework.errors_impl.InvalidArgumentError: No complete episode found. REINFORCE requires full episodes to compute losses.
Condition x > y did not hold.
First 1 elements of x:
[0.]
First 1 elements of y:
[0.]

[2022.01.21-22.12.12:491][976]LogPython: a
[2022.01.21-22.12.12:491][976]LogPython: 

[2022.01.21-22.12.12:511][976]LogPython: yay
[2022.01.21-22.12.12:511][976]LogPython: 

[2022.01.21-22.12.12:517][976]LogPython: a
[2022.01.21-22.12.12:517][976]LogPython: 

[2022.01.21-22.12.12:536][976]LogPython: yay
[2022.01.21-22.12.12:537][976]LogPython: 

[2022.01.21-22.12.12:542][976]LogPython: a
[2022.01.21-22.12.12:542][976]LogPython: 

[2022.01.21-22.12.12:562][976]LogPython: yay
[2022.01.21-22.12.12:562][976]LogPython: 

[2022.01.21-22.12.12:568][976]LogPython: a
[2022.01.21-22.12.12:568][976]LogPython: 

[2022.01.21-22.12.12:588][976]LogPython: yay
[2022.01.21-22.12.12:588][976]LogPython: 

[2022.01.21-22.12.12:593][976]LogPython: a
[2022.01.21-22.12.12:594][976]LogPython: 

[2022.01.21-22.12.12:599][976]LogPython: yay
[2022.01.21-22.12.12:599][976]LogPython: 

[2022.01.21-22.12.12:604][976]LogPython: a
[2022.01.21-22.12.12:605][976]LogPython: 

[2022.01.21-22.12.12:615][976]LogPython: yay
[2022.01.21-22.12.12:615][976]LogPython: 

[2022.01.21-22.12.12:620][976]LogPython: a
[2022.01.21-22.12.12:620][976]LogPython: 

[2022.01.21-22.12.12:630][976]LogPython: yay
[2022.01.21-22.12.12:631][976]LogPython: 

[2022.01.21-22.12.12:636][976]LogPython: a
[2022.01.21-22.12.12:636][976]LogPython: 

[2022.01.21-22.12.12:646][976]LogPython: yay
[2022.01.21-22.12.12:646][976]LogPython: 

[2022.01.21-22.12.12:652][976]LogPython: a
[2022.01.21-22.12.12:652][976]LogPython: 

[2022.01.21-22.12.12:662][976]LogPython: yay
[2022.01.21-22.12.12:662][976]LogPython: 

[2022.01.21-22.12.12:668][976]LogPython: a
[2022.01.21-22.12.12:668][976]LogPython: 

[2022.01.21-22.12.12:688][976]LogPython: yay
[2022.01.21-22.12.12:688][976]LogPython: 

[2022.01.21-22.12.12:802][976]LogPython: Error: No complete episode found. REINFORCE requires full episodes to compute losses.
Condition x > y did not hold.
First 1 elements of x:
[0.]
First 1 elements of y:
[0.]
[2022.01.21-22.12.12:803][976]LogPython: Error: Traceback (most recent call last):

[2022.01.21-22.12.12:803][976]LogPython: Error:   File "../../../../../../Users/Aryan/Documents/GitHub/Autonomous-Driving-UE4/DrivingProject/Content/Scripts\PythonScript2.py", line 318, in Tick
    loss = tf_agent.train(experience=trajectories)

[2022.01.21-22.12.12:803][976]LogPython: Error:   File "C:\Users\Aryan\AppData\Local\Programs\Python\Python37\lib\site-packages\tf_agents\agents\tf_agent.py", line 332, in train
    experience=experience, weights=weights, **kwargs)

[2022.01.21-22.12.12:803][976]LogPython: Error:   File "C:\Users\Aryan\AppData\Local\Programs\Python\Python37\lib\site-packages\tf_agents\utils\common.py", line 188, in with_check_resource_vars
    return fn(*fn_args, **fn_kwargs)

[2022.01.21-22.12.12:803][976]LogPython: Error:   File "C:\Users\Aryan\AppData\Local\Programs\Python\Python37\lib\site-packages\tf_agents\agents\reinforce\reinforce_agent.py", line 274, in _train
    training=True)

[2022.01.21-22.12.12:804][976]LogPython: Error:   File "C:\Users\Aryan\AppData\Local\Programs\Python\Python37\lib\site-packages\tf_agents\agents\reinforce\reinforce_agent.py", line 312, in total_loss
    message='No complete episode found. REINFORCE requires full episodes '

[2022.01.21-22.12.12:804][976]LogPython: Error:   File "C:\Users\Aryan\AppData\Local\Programs\Python\Python37\lib\site-packages\tensorflow\python\util\traceback_utils.py", line 153, in error_handler
    raise e.with_traceback(filtered_tb) from None

[2022.01.21-22.12.12:804][976]LogPython: Error:   File "C:\Users\Aryan\AppData\Local\Programs\Python\Python37\lib\site-packages\tensorflow\python\ops\check_ops.py", line 408, in _binary_assert
    message=('\n'.join(_pretty_print(d, summarize) for d in data)))

[2022.01.21-22.12.12:804][976]LogPython: Error: tensorflow.python.framework.errors_impl.InvalidArgumentError: No complete episode found. REINFORCE requires full episodes to compute losses.
Condition x > y did not hold.
First 1 elements of x:
[0.]
First 1 elements of y:
[0.]

[2022.01.21-22.12.12:807][976]LogBlueprintUserMessages: Early EndPlayMap Detection: Level '/Game/VehicleBP/Maps/VehicleExampleMap.VehicleExampleMap:PersistentLevel' has LevelScriptBlueprint '/Game/VehicleBP/Maps/VehicleExampleMap.VehicleExampleMap:PersistentLevel.VehicleExampleMap' with GeneratedClass '/Game/VehicleBP/Maps/VehicleExampleMap.VehicleExampleMap_C' with ClassGeneratedBy '/Game/VehicleBP/Maps/VehicleExampleMap.VehicleExampleMap:PersistentLevel.VehicleExampleMap'
[2022.01.21-22.12.12:808][976]LogSlate: Updating window title bar state: overlay mode, drag disabled, window buttons hidden, title bar hidden
[2022.01.21-22.12.12:849][976]LogPlayLevel: Display: Shutting down PIE online subsystems
[2022.01.21-22.12.12:849][976]LogBlueprintUserMessages: Late EndPlayMap Detection: Level '/Game/VehicleBP/Maps/VehicleExampleMap.VehicleExampleMap:PersistentLevel' has LevelScriptBlueprint '/Game/VehicleBP/Maps/VehicleExampleMap.VehicleExampleMap:PersistentLevel.VehicleExampleMap' with GeneratedClass '/Game/VehicleBP/Maps/VehicleExampleMap.VehicleExampleMap_C' with ClassGeneratedBy '/Game/VehicleBP/Maps/VehicleExampleMap.VehicleExampleMap:PersistentLevel.VehicleExampleMap'
[2022.01.21-22.12.12:884][976]LogSlate: Updating window title bar state: overlay mode, drag disabled, window buttons hidden, title bar hidden
[2022.01.21-22.12.12:915][976]LogUObjectHash: Compacting FUObjectHashTables data took   4.50ms
[2022.01.21-22.12.12:940][977]LogPlayLevel: Display: Destroying online subsystem :Context_2
[2022.01.21-22.12.16:068][340]LogSlate: FSceneViewport::OnFocusLost() reason 0
[2022.01.21-22.12.20:977][910]LogUObjectHash: Compacting FUObjectHashTables data took   1.84ms
[2022.01.21-22.12.21:056][910]LogUObjectHash: Compacting FUObjectHashTables data took   0.60ms
[2022.01.21-22.12.21:357][910]LogSavePackage: Moving '../../../../../../Users/Aryan/Documents/GitHub/Autonomous-Driving-UE4/DrivingProject/Saved/VehicleExampleMap25A76E3B4A2993D1062AD896A0BB87EF.tmp' to '../../../../../../Users/Aryan/Documents/GitHub/Autonomous-Driving-UE4/DrivingProject/Content/VehicleBP/Maps/VehicleExampleMap.umap'
[2022.01.21-22.12.21:374][910]LogFileHelpers: Saving map 'VehicleExampleMap' took 0.347
[2022.01.21-22.12.21:400][910]LogPython: Warning: test
[2022.01.21-22.12.21:400][910]LogPython: Warning: (<unreal_engine.UObject object at 0x000001BF3EC2C0F0>,)
[2022.01.21-22.12.21:400][910]LogPython: Warning: {'__module__': 'PythonScript2', '__qualname__': 'test', '__init__': <function test.__init__ at 0x000001BF1F351558>, 'BeginPlay': <function test.BeginPlay at 0x000001BF1F3515E8>, 'Tick': <function test.Tick at 0x000001BF1F351678>}
[2022.01.21-22.12.21:400][910]LogPython: Warning: Preparing for overwriting class test ...
[2022.01.21-22.12.21:400][910]LogPython: Warning: removing function Tick
[2022.01.21-22.12.21:401][910]LogPython: Warning: removing function BeginPlay
[2022.01.21-22.12.21:401][910]LogPython: Warning: REGISTERED FUNCTION BeginPlay WITH 0 PARAMS (size 0) 0
[2022.01.21-22.12.21:401][910]LogPython: Warning: REGISTERED FUNCTION Tick WITH 0 PARAMS (size 0) 0
[2022.01.21-22.12.21:474][910]Cmd: OBJ SAVEPACKAGE PACKAGE="/Game/VehicleBP/Sedan/Sedan" FILE="../../../../../../Users/Aryan/Documents/GitHub/Autonomous-Driving-UE4/DrivingProject/Content/VehicleBP/Sedan/Sedan.uasset" SILENT=true
[2022.01.21-22.12.21:634][910]LogSavePackage: Moving '../../../../../../Users/Aryan/Documents/GitHub/Autonomous-Driving-UE4/DrivingProject/Saved/Sedan5C9A3ED94037A9953863C6B2DFA1F570.tmp' to '../../../../../../Users/Aryan/Documents/GitHub/Autonomous-Driving-UE4/DrivingProject/Content/VehicleBP/Sedan/Sedan.uasset'
